2025-02-26 08:02:23.222 [info] Extension host with pid 774 started
2025-02-26 08:02:23.327 [info] ExtensionService#_doActivateExtension vscode.emmet, startup: false, activationEvent: 'onLanguage'
2025-02-26 08:02:23.329 [info] ExtensionService#_doActivateExtension vscode.tunnel-forwarding, startup: false, activationEvent: 'onTunnel'
2025-02-26 08:02:23.498 [info] Lock '/home/anhken/.vscode-server/data/User/workspaceStorage/f06f23f25d99f6a44eebb22638ef81e3/vscode.lock': Lock acquired.
2025-02-26 08:02:23.606 [info] ExtensionService#_doActivateExtension vscode.git-base, startup: true, activationEvent: '*', root cause: vscode.git
2025-02-26 08:02:23.758 [info] ExtensionService#_doActivateExtension vscode.git, startup: true, activationEvent: '*'
2025-02-26 08:02:23.758 [info] ExtensionService#_doActivateExtension vscode.github, startup: true, activationEvent: '*'
2025-02-26 08:02:24.376 [info] Eager extensions activated
2025-02-26 08:02:24.376 [info] ExtensionService#_doActivateExtension vscode.debug-auto-launch, startup: false, activationEvent: 'onStartupFinished'
2025-02-26 08:02:24.376 [info] ExtensionService#_doActivateExtension vscode.merge-conflict, startup: false, activationEvent: 'onStartupFinished'
2025-02-26 08:06:34.075 [info] ExtensionService#_doActivateExtension ms-python.python, startup: false, activationEvent: 'onLanguage:python'
2025-02-26 08:06:37.534 [error] Error: Launching Jedi language server using python failed, see output.
	at l.start (/home/anhken/.vscode-server/extensions/ms-python.python-2025.0.0/out/client/extension.js:2:22183)
	at process.processTicksAndRejections (node:internal/process/task_queues:95:5)
2025-02-26 08:07:04.549 [info] ExtensionService#_doActivateExtension vscode.npm, startup: false, activationEvent: 'onTerminalQuickFixRequest:ms-vscode.npm-command'
2025-02-26 08:07:09.955 [info] ExtensionService#_doActivateExtension vscode.configuration-editing, startup: false, activationEvent: 'onLanguage:json'
2025-02-26 08:07:09.955 [info] ExtensionService#_doActivateExtension vscode.extension-editing, startup: false, activationEvent: 'onLanguage:json'
2025-02-26 08:07:09.955 [info] ExtensionService#_doActivateExtension vscode.json-language-features, startup: false, activationEvent: 'onLanguage:json'
2025-02-26 09:36:09.726 [info] ExtensionService#_doActivateExtension vscode.debug-server-ready, startup: false, activationEvent: 'onDebugResolve'
2025-02-26 09:39:52.178 [warning] [Decorations] CAPPING events from decorations provider vscode.git 4209
2025-02-26 09:39:53.172 [warning] [Decorations] CAPPING events from decorations provider vscode.git 4209
2025-02-26 09:40:05.073 [warning] [Decorations] CAPPING events from decorations provider vscode.git 4209
2025-02-26 09:40:18.501 [warning] [Decorations] CAPPING events from decorations provider vscode.git 4209
2025-02-26 09:40:23.627 [warning] [Decorations] CAPPING events from decorations provider vscode.git 4209
2025-02-26 09:40:28.763 [warning] [Decorations] CAPPING events from decorations provider vscode.git 4209
2025-02-26 09:40:46.112 [warning] [Decorations] CAPPING events from decorations provider vscode.git 4209
2025-02-26 09:40:51.248 [warning] [Decorations] CAPPING events from decorations provider vscode.git 4209
2025-02-26 09:40:56.369 [warning] [Decorations] CAPPING events from decorations provider vscode.git 4209
2025-02-26 09:41:01.507 [warning] [Decorations] CAPPING events from decorations provider vscode.git 4209
2025-02-26 09:41:08.451 [warning] [Decorations] CAPPING events from decorations provider vscode.git 4209
2025-02-26 09:41:30.150 [warning] [Decorations] CAPPING events from decorations provider vscode.git 4209
2025-02-26 09:41:35.329 [warning] [Decorations] CAPPING events from decorations provider vscode.git 4209
2025-02-26 09:41:40.457 [warning] [Decorations] CAPPING events from decorations provider vscode.git 4209
2025-02-26 09:41:45.580 [warning] [Decorations] CAPPING events from decorations provider vscode.git 4209
2025-02-26 09:41:50.754 [warning] [Decorations] CAPPING events from decorations provider vscode.git 4209
2025-02-26 09:41:55.901 [warning] [Decorations] CAPPING events from decorations provider vscode.git 4209
2025-02-26 09:42:01.033 [warning] [Decorations] CAPPING events from decorations provider vscode.git 4209
2025-02-26 09:42:06.173 [warning] [Decorations] CAPPING events from decorations provider vscode.git 4209
2025-02-26 09:42:11.355 [warning] [Decorations] CAPPING events from decorations provider vscode.git 4209
2025-02-26 09:42:16.520 [warning] [Decorations] CAPPING events from decorations provider vscode.git 4209
2025-02-26 09:42:21.702 [warning] [Decorations] CAPPING events from decorations provider vscode.git 4209
2025-02-26 09:42:26.822 [warning] [Decorations] CAPPING events from decorations provider vscode.git 4209
2025-02-26 09:42:32.008 [warning] [Decorations] CAPPING events from decorations provider vscode.git 4209
2025-02-26 09:42:37.154 [warning] [Decorations] CAPPING events from decorations provider vscode.git 4209
2025-02-26 09:42:42.352 [warning] [Decorations] CAPPING events from decorations provider vscode.git 4209
2025-02-26 09:42:47.506 [warning] [Decorations] CAPPING events from decorations provider vscode.git 4209
2025-02-26 09:42:52.674 [warning] [Decorations] CAPPING events from decorations provider vscode.git 4209
2025-02-26 09:42:57.830 [warning] [Decorations] CAPPING events from decorations provider vscode.git 4209
2025-02-26 09:43:03.020 [warning] [Decorations] CAPPING events from decorations provider vscode.git 4209
2025-02-26 09:43:08.187 [warning] [Decorations] CAPPING events from decorations provider vscode.git 4209
2025-02-26 09:43:13.332 [warning] [Decorations] CAPPING events from decorations provider vscode.git 4209
2025-02-26 09:43:19.231 [warning] [Decorations] CAPPING events from decorations provider vscode.git 4209
2025-02-26 09:43:24.382 [warning] [Decorations] CAPPING events from decorations provider vscode.git 4209
2025-02-26 09:43:29.504 [warning] [Decorations] CAPPING events from decorations provider vscode.git 4209
2025-02-26 09:43:34.585 [warning] [Decorations] CAPPING events from decorations provider vscode.git 4210
2025-02-26 09:43:39.745 [warning] [Decorations] CAPPING events from decorations provider vscode.git 4210
2025-02-26 09:43:44.911 [warning] [Decorations] CAPPING events from decorations provider vscode.git 4210
2025-02-26 09:43:50.076 [warning] [Decorations] CAPPING events from decorations provider vscode.git 4210
2025-02-26 09:43:56.115 [warning] [Decorations] CAPPING events from decorations provider vscode.git 4210
2025-02-26 09:44:01.273 [warning] [Decorations] CAPPING events from decorations provider vscode.git 4210
2025-02-26 09:44:06.430 [warning] [Decorations] CAPPING events from decorations provider vscode.git 4210
2025-02-26 09:44:11.568 [warning] [Decorations] CAPPING events from decorations provider vscode.git 4210
2025-02-26 09:44:16.706 [warning] [Decorations] CAPPING events from decorations provider vscode.git 4210
2025-02-26 09:44:21.878 [warning] [Decorations] CAPPING events from decorations provider vscode.git 4210
2025-02-26 09:44:26.967 [warning] [Decorations] CAPPING events from decorations provider vscode.git 4210
2025-02-26 09:44:32.079 [warning] [Decorations] CAPPING events from decorations provider vscode.git 4210
2025-02-26 09:44:37.194 [warning] [Decorations] CAPPING events from decorations provider vscode.git 4210
2025-02-26 09:44:42.340 [warning] [Decorations] CAPPING events from decorations provider vscode.git 4210
2025-02-26 09:44:47.471 [warning] [Decorations] CAPPING events from decorations provider vscode.git 4210
2025-02-26 09:44:52.609 [warning] [Decorations] CAPPING events from decorations provider vscode.git 4210
2025-02-26 09:45:01.734 [warning] [Decorations] CAPPING events from decorations provider vscode.git 4210
2025-02-26 09:45:06.870 [warning] [Decorations] CAPPING events from decorations provider vscode.git 4210
2025-02-26 09:45:12.032 [warning] [Decorations] CAPPING events from decorations provider vscode.git 4210
2025-02-26 09:45:17.177 [warning] [Decorations] CAPPING events from decorations provider vscode.git 4210
2025-02-26 09:45:22.341 [warning] [Decorations] CAPPING events from decorations provider vscode.git 4210
2025-02-26 09:45:27.486 [warning] [Decorations] CAPPING events from decorations provider vscode.git 4210
2025-02-26 09:45:53.371 [warning] [Decorations] CAPPING events from decorations provider vscode.git 4210
2025-02-26 09:45:55.295 [warning] [Decorations] CAPPING events from decorations provider vscode.git 4210
2025-02-26 09:46:06.472 [warning] [Decorations] CAPPING events from decorations provider vscode.git 4210
2025-02-26 09:46:17.756 [warning] [Decorations] CAPPING events from decorations provider vscode.git 4210
2025-02-26 09:46:25.902 [warning] [Decorations] CAPPING events from decorations provider vscode.git 4210
2025-02-26 09:46:31.051 [warning] [Decorations] CAPPING events from decorations provider vscode.git 4210
2025-02-26 09:46:37.111 [warning] [Decorations] CAPPING events from decorations provider vscode.git 4210
2025-02-26 09:46:42.266 [warning] [Decorations] CAPPING events from decorations provider vscode.git 4210
2025-02-26 09:46:47.423 [warning] [Decorations] CAPPING events from decorations provider vscode.git 4210
2025-02-26 09:46:52.574 [warning] [Decorations] CAPPING events from decorations provider vscode.git 4210
2025-02-26 09:46:57.733 [warning] [Decorations] CAPPING events from decorations provider vscode.git 4210
2025-02-26 09:47:02.916 [warning] [Decorations] CAPPING events from decorations provider vscode.git 4210
2025-02-26 09:47:08.030 [warning] [Decorations] CAPPING events from decorations provider vscode.git 4210
2025-02-26 09:47:14.033 [warning] [Decorations] CAPPING events from decorations provider vscode.git 4210
2025-02-26 09:47:19.174 [warning] [Decorations] CAPPING events from decorations provider vscode.git 4210
2025-02-26 09:47:24.300 [warning] [Decorations] CAPPING events from decorations provider vscode.git 4210
2025-02-26 09:47:26.464 [warning] [Decorations] CAPPING events from decorations provider vscode.git 4210
2025-02-26 09:47:29.451 [warning] [Decorations] CAPPING events from decorations provider vscode.git 4210
2025-02-26 09:47:34.597 [warning] [Decorations] CAPPING events from decorations provider vscode.git 4210
2025-02-26 09:47:39.742 [warning] [Decorations] CAPPING events from decorations provider vscode.git 4210
2025-02-26 09:47:45.855 [warning] [Decorations] CAPPING events from decorations provider vscode.git 4210
2025-02-26 09:47:51.053 [warning] [Decorations] CAPPING events from decorations provider vscode.git 4210
2025-02-26 09:47:56.195 [warning] [Decorations] CAPPING events from decorations provider vscode.git 4210
2025-02-26 09:48:01.359 [warning] [Decorations] CAPPING events from decorations provider vscode.git 4210
2025-02-26 09:48:06.525 [warning] [Decorations] CAPPING events from decorations provider vscode.git 4210
2025-02-26 09:48:11.648 [warning] [Decorations] CAPPING events from decorations provider vscode.git 4210
2025-02-26 09:48:17.759 [warning] [Decorations] CAPPING events from decorations provider vscode.git 4210
2025-02-26 09:48:22.879 [warning] [Decorations] CAPPING events from decorations provider vscode.git 4210
2025-02-26 09:48:28.004 [warning] [Decorations] CAPPING events from decorations provider vscode.git 4210
2025-02-26 09:48:33.134 [warning] [Decorations] CAPPING events from decorations provider vscode.git 4210
2025-02-26 09:48:38.243 [warning] [Decorations] CAPPING events from decorations provider vscode.git 4210
2025-02-26 09:48:43.364 [warning] [Decorations] CAPPING events from decorations provider vscode.git 4210
2025-02-26 09:48:48.576 [warning] [Decorations] CAPPING events from decorations provider vscode.git 4210
2025-02-26 09:48:54.722 [warning] [Decorations] CAPPING events from decorations provider vscode.git 4210
2025-02-26 09:48:59.857 [warning] [Decorations] CAPPING events from decorations provider vscode.git 4210
2025-02-26 09:49:04.986 [warning] [Decorations] CAPPING events from decorations provider vscode.git 4210
2025-02-26 09:49:10.101 [warning] [Decorations] CAPPING events from decorations provider vscode.git 4210
2025-02-26 09:49:15.257 [warning] [Decorations] CAPPING events from decorations provider vscode.git 4210
2025-02-26 09:49:20.446 [warning] [Decorations] CAPPING events from decorations provider vscode.git 4210
2025-02-26 09:49:26.574 [warning] [Decorations] CAPPING events from decorations provider vscode.git 4210
2025-02-26 09:49:29.888 [warning] [Decorations] CAPPING events from decorations provider vscode.git 4210
2025-02-26 09:49:31.727 [warning] [Decorations] CAPPING events from decorations provider vscode.git 4210
2025-02-26 09:49:36.821 [warning] [Decorations] CAPPING events from decorations provider vscode.git 4210
2025-02-26 09:49:41.964 [warning] [Decorations] CAPPING events from decorations provider vscode.git 4210
2025-02-26 09:49:47.128 [warning] [Decorations] CAPPING events from decorations provider vscode.git 4210
2025-02-26 09:49:52.256 [warning] [Decorations] CAPPING events from decorations provider vscode.git 4210
2025-02-26 09:49:58.438 [warning] [Decorations] CAPPING events from decorations provider vscode.git 4210
2025-02-26 09:50:03.646 [warning] [Decorations] CAPPING events from decorations provider vscode.git 4210
2025-02-26 09:50:08.815 [warning] [Decorations] CAPPING events from decorations provider vscode.git 4210
2025-02-26 09:50:13.967 [warning] [Decorations] CAPPING events from decorations provider vscode.git 4210
2025-02-26 09:50:19.118 [warning] [Decorations] CAPPING events from decorations provider vscode.git 4210
2025-02-26 09:50:24.254 [warning] [Decorations] CAPPING events from decorations provider vscode.git 4210
2025-02-26 09:50:29.408 [warning] [Decorations] CAPPING events from decorations provider vscode.git 4210
2025-02-26 09:50:35.308 [warning] [Decorations] CAPPING events from decorations provider vscode.git 4210
2025-02-26 09:50:40.631 [warning] [Decorations] CAPPING events from decorations provider vscode.git 4210
2025-02-26 09:50:45.766 [warning] [Decorations] CAPPING events from decorations provider vscode.git 4210
2025-02-26 09:50:50.840 [warning] [Decorations] CAPPING events from decorations provider vscode.git 4210
2025-02-26 09:50:55.922 [warning] [Decorations] CAPPING events from decorations provider vscode.git 4210
2025-02-26 09:50:56.839 [warning] [Decorations] CAPPING events from decorations provider vscode.git 4211
2025-02-26 09:51:01.236 [warning] [Decorations] CAPPING events from decorations provider vscode.git 4211
2025-02-26 09:51:07.530 [warning] [Decorations] CAPPING events from decorations provider vscode.git 4211
2025-02-26 09:51:10.560 [warning] [Decorations] CAPPING events from decorations provider vscode.git 4211
