2025-02-26 08:06:35.880 [info] Starting Python Locator /home/anhken/.vscode-server/extensions/ms-python.python-2025.0.0/python-env-tools/bin/pet server
2025-02-26 08:06:35.944 [info] Discovered env: /usr/bin/python3
2025-02-26 08:06:35.960 [info] Discovered env: /bin/python3
2025-02-26 08:06:36.213 [info] Env ("/home/anhken/odoo-fitdnu/odoo-fitdnu/odoo-fitdnu/venv/bin/python") in Path resolved as ResolvedPythonEnv { executable: "/home/anhken/odoo-fitdnu/odoo-fitdnu/odoo-fitdnu/venv/bin/python", prefix: "/home/anhken/odoo-fitdnu/odoo-fitdnu/odoo-fitdnu/venv", version: "3.10.12.final.0", is64_bit: true, symlinks: Some(["/home/anhken/odoo-fitdnu/odoo-fitdnu/odoo-fitdnu/venv/bin/python", "/home/anhken/odoo-fitdnu/odoo-fitdnu/odoo-fitdnu/venv/bin/python3", "/home/anhken/odoo-fitdnu/odoo-fitdnu/odoo-fitdnu/venv/bin/python3.10"]) } and reported as None
2025-02-26 08:06:36.215 [info] Resolved Python Environment /home/anhken/odoo-fitdnu/odoo-fitdnu/odoo-fitdnu/venv/bin/python
2025-02-26 08:06:40.523 [info] Locator Conda took 5.299902098s
2025-02-26 08:06:40.523 [info] Locator Homebrew took 64.8µs
2025-02-26 08:06:40.523 [info] Locator LinuxGlobal took 293.910793ms
2025-02-26 08:06:40.523 [info] Locator PipEnv took 11.04µs
2025-02-26 08:06:40.523 [info] Locator Poetry took 92.934939ms
2025-02-26 08:06:40.523 [info] Locator PyEnv took 92.016706ms
2025-02-26 08:06:40.523 [info] Locator Venv took 20.64µs
2025-02-26 08:06:40.523 [info] Locator VirtualEnv took 41.856µs
2025-02-26 08:06:40.523 [info] Locator VirtualEnvWrapper took 35.039µs
2025-02-26 08:06:40.523 [info] Locator GlobalVirtualEnvs took 2.935467ms
2025-02-26 08:06:40.523 [info] Locator Locators took 5.306960884s
2025-02-26 08:06:40.523 [info] Locator Path took 1.126112603s
2025-02-26 08:06:40.523 [info] Locator Workspaces took 11.066132ms
2025-02-26 08:06:40.523 [info] Refresh completed in 5307ms
2025-02-26 08:09:56.185 [info] Env ("/home/anhken/odoo-fitdnu/odoo-fitdnu/odoo-fitdnu/venv/bin/python") in Path resolved as ResolvedPythonEnv { executable: "/home/anhken/odoo-fitdnu/odoo-fitdnu/odoo-fitdnu/venv/bin/python", prefix: "/home/anhken/odoo-fitdnu/odoo-fitdnu/odoo-fitdnu/venv", version: "3.10.12.final.0", is64_bit: true, symlinks: Some(["/home/anhken/odoo-fitdnu/odoo-fitdnu/odoo-fitdnu/venv/bin/python", "/home/anhken/odoo-fitdnu/odoo-fitdnu/odoo-fitdnu/venv/bin/python3", "/home/anhken/odoo-fitdnu/odoo-fitdnu/odoo-fitdnu/venv/bin/python3.10"]) } and reported as None
2025-02-26 08:09:56.187 [info] Resolved Python Environment /home/anhken/odoo-fitdnu/odoo-fitdnu/odoo-fitdnu/venv/bin/python
2025-02-26 08:39:54.293 [info] Env ("/home/anhken/odoo-fitdnu/odoo-fitdnu/odoo-fitdnu/venv/bin/python") in Path resolved as ResolvedPythonEnv { executable: "/home/anhken/odoo-fitdnu/odoo-fitdnu/odoo-fitdnu/venv/bin/python", prefix: "/home/anhken/odoo-fitdnu/odoo-fitdnu/odoo-fitdnu/venv", version: "3.10.12.final.0", is64_bit: true, symlinks: Some(["/home/anhken/odoo-fitdnu/odoo-fitdnu/odoo-fitdnu/venv/bin/python", "/home/anhken/odoo-fitdnu/odoo-fitdnu/odoo-fitdnu/venv/bin/python3", "/home/anhken/odoo-fitdnu/odoo-fitdnu/odoo-fitdnu/venv/bin/python3.10"]) } and reported as None
2025-02-26 08:39:54.294 [info] Resolved Python Environment /home/anhken/odoo-fitdnu/odoo-fitdnu/odoo-fitdnu/venv/bin/python
2025-02-26 08:40:25.194 [info] Env ("/home/anhken/odoo-fitdnu/odoo-fitdnu/odoo-fitdnu/venv/bin/python") in Path resolved as ResolvedPythonEnv { executable: "/home/anhken/odoo-fitdnu/odoo-fitdnu/odoo-fitdnu/venv/bin/python", prefix: "/home/anhken/odoo-fitdnu/odoo-fitdnu/odoo-fitdnu/venv", version: "3.10.12.final.0", is64_bit: true, symlinks: Some(["/home/anhken/odoo-fitdnu/odoo-fitdnu/odoo-fitdnu/venv/bin/python", "/home/anhken/odoo-fitdnu/odoo-fitdnu/odoo-fitdnu/venv/bin/python3", "/home/anhken/odoo-fitdnu/odoo-fitdnu/odoo-fitdnu/venv/bin/python3.10"]) } and reported as None
2025-02-26 08:40:25.195 [info] Resolved Python Environment /home/anhken/odoo-fitdnu/odoo-fitdnu/odoo-fitdnu/venv/bin/python
2025-02-26 08:41:46.581 [info] Env ("/home/anhken/odoo-fitdnu/odoo-fitdnu/odoo-fitdnu/venv/bin/python") in Path resolved as ResolvedPythonEnv { executable: "/home/anhken/odoo-fitdnu/odoo-fitdnu/odoo-fitdnu/venv/bin/python", prefix: "/home/anhken/odoo-fitdnu/odoo-fitdnu/odoo-fitdnu/venv", version: "3.10.12.final.0", is64_bit: true, symlinks: Some(["/home/anhken/odoo-fitdnu/odoo-fitdnu/odoo-fitdnu/venv/bin/python", "/home/anhken/odoo-fitdnu/odoo-fitdnu/odoo-fitdnu/venv/bin/python3", "/home/anhken/odoo-fitdnu/odoo-fitdnu/odoo-fitdnu/venv/bin/python3.10"]) } and reported as None
2025-02-26 08:41:46.582 [info] Resolved Python Environment /home/anhken/odoo-fitdnu/odoo-fitdnu/odoo-fitdnu/venv/bin/python
2025-02-26 08:42:24.718 [info] Env ("/home/anhken/odoo-fitdnu/odoo-fitdnu/odoo-fitdnu/venv/bin/python") in Path resolved as ResolvedPythonEnv { executable: "/home/anhken/odoo-fitdnu/odoo-fitdnu/odoo-fitdnu/venv/bin/python", prefix: "/home/anhken/odoo-fitdnu/odoo-fitdnu/odoo-fitdnu/venv", version: "3.10.12.final.0", is64_bit: true, symlinks: Some(["/home/anhken/odoo-fitdnu/odoo-fitdnu/odoo-fitdnu/venv/bin/python", "/home/anhken/odoo-fitdnu/odoo-fitdnu/odoo-fitdnu/venv/bin/python3", "/home/anhken/odoo-fitdnu/odoo-fitdnu/odoo-fitdnu/venv/bin/python3.10"]) } and reported as None
2025-02-26 08:42:24.719 [info] Resolved Python Environment /home/anhken/odoo-fitdnu/odoo-fitdnu/odoo-fitdnu/venv/bin/python
2025-02-26 08:43:05.110 [info] Env ("/home/anhken/odoo-fitdnu/odoo-fitdnu/odoo-fitdnu/venv/bin/python") in Path resolved as ResolvedPythonEnv { executable: "/home/anhken/odoo-fitdnu/odoo-fitdnu/odoo-fitdnu/venv/bin/python", prefix: "/home/anhken/odoo-fitdnu/odoo-fitdnu/odoo-fitdnu/venv", version: "3.10.12.final.0", is64_bit: true, symlinks: Some(["/home/anhken/odoo-fitdnu/odoo-fitdnu/odoo-fitdnu/venv/bin/python", "/home/anhken/odoo-fitdnu/odoo-fitdnu/odoo-fitdnu/venv/bin/python3", "/home/anhken/odoo-fitdnu/odoo-fitdnu/odoo-fitdnu/venv/bin/python3.10"]) } and reported as None
2025-02-26 08:43:05.111 [info] Resolved Python Environment /home/anhken/odoo-fitdnu/odoo-fitdnu/odoo-fitdnu/venv/bin/python
2025-02-26 08:44:59.520 [info] Env ("/home/anhken/odoo-fitdnu/odoo-fitdnu/odoo-fitdnu/venv/bin/python") in Path resolved as ResolvedPythonEnv { executable: "/home/anhken/odoo-fitdnu/odoo-fitdnu/odoo-fitdnu/venv/bin/python", prefix: "/home/anhken/odoo-fitdnu/odoo-fitdnu/odoo-fitdnu/venv", version: "3.10.12.final.0", is64_bit: true, symlinks: Some(["/home/anhken/odoo-fitdnu/odoo-fitdnu/odoo-fitdnu/venv/bin/python", "/home/anhken/odoo-fitdnu/odoo-fitdnu/odoo-fitdnu/venv/bin/python3", "/home/anhken/odoo-fitdnu/odoo-fitdnu/odoo-fitdnu/venv/bin/python3.10"]) } and reported as None
2025-02-26 08:44:59.520 [info] Resolved Python Environment /home/anhken/odoo-fitdnu/odoo-fitdnu/odoo-fitdnu/venv/bin/python
2025-02-26 08:46:40.698 [info] Env ("/home/anhken/odoo-fitdnu/odoo-fitdnu/odoo-fitdnu/venv/bin/python") in Path resolved as ResolvedPythonEnv { executable: "/home/anhken/odoo-fitdnu/odoo-fitdnu/odoo-fitdnu/venv/bin/python", prefix: "/home/anhken/odoo-fitdnu/odoo-fitdnu/odoo-fitdnu/venv", version: "3.10.12.final.0", is64_bit: true, symlinks: Some(["/home/anhken/odoo-fitdnu/odoo-fitdnu/odoo-fitdnu/venv/bin/python", "/home/anhken/odoo-fitdnu/odoo-fitdnu/odoo-fitdnu/venv/bin/python3", "/home/anhken/odoo-fitdnu/odoo-fitdnu/odoo-fitdnu/venv/bin/python3.10"]) } and reported as None
2025-02-26 08:46:40.699 [info] Resolved Python Environment /home/anhken/odoo-fitdnu/odoo-fitdnu/odoo-fitdnu/venv/bin/python
2025-02-26 08:49:12.338 [info] Env ("/home/anhken/odoo-fitdnu/odoo-fitdnu/odoo-fitdnu/venv/bin/python") in Path resolved as ResolvedPythonEnv { executable: "/home/anhken/odoo-fitdnu/odoo-fitdnu/odoo-fitdnu/venv/bin/python", prefix: "/home/anhken/odoo-fitdnu/odoo-fitdnu/odoo-fitdnu/venv", version: "3.10.12.final.0", is64_bit: true, symlinks: Some(["/home/anhken/odoo-fitdnu/odoo-fitdnu/odoo-fitdnu/venv/bin/python", "/home/anhken/odoo-fitdnu/odoo-fitdnu/odoo-fitdnu/venv/bin/python3", "/home/anhken/odoo-fitdnu/odoo-fitdnu/odoo-fitdnu/venv/bin/python3.10"]) } and reported as None
2025-02-26 08:49:12.338 [info] Resolved Python Environment /home/anhken/odoo-fitdnu/odoo-fitdnu/odoo-fitdnu/venv/bin/python
2025-02-26 08:49:57.810 [info] Env ("/home/anhken/odoo-fitdnu/odoo-fitdnu/odoo-fitdnu/venv/bin/python") in Path resolved as ResolvedPythonEnv { executable: "/home/anhken/odoo-fitdnu/odoo-fitdnu/odoo-fitdnu/venv/bin/python", prefix: "/home/anhken/odoo-fitdnu/odoo-fitdnu/odoo-fitdnu/venv", version: "3.10.12.final.0", is64_bit: true, symlinks: Some(["/home/anhken/odoo-fitdnu/odoo-fitdnu/odoo-fitdnu/venv/bin/python", "/home/anhken/odoo-fitdnu/odoo-fitdnu/odoo-fitdnu/venv/bin/python3", "/home/anhken/odoo-fitdnu/odoo-fitdnu/odoo-fitdnu/venv/bin/python3.10"]) } and reported as None
2025-02-26 08:49:57.811 [info] Resolved Python Environment /home/anhken/odoo-fitdnu/odoo-fitdnu/odoo-fitdnu/venv/bin/python
2025-02-26 08:50:35.325 [info] Env ("/home/anhken/odoo-fitdnu/odoo-fitdnu/odoo-fitdnu/venv/bin/python") in Path resolved as ResolvedPythonEnv { executable: "/home/anhken/odoo-fitdnu/odoo-fitdnu/odoo-fitdnu/venv/bin/python", prefix: "/home/anhken/odoo-fitdnu/odoo-fitdnu/odoo-fitdnu/venv", version: "3.10.12.final.0", is64_bit: true, symlinks: Some(["/home/anhken/odoo-fitdnu/odoo-fitdnu/odoo-fitdnu/venv/bin/python", "/home/anhken/odoo-fitdnu/odoo-fitdnu/odoo-fitdnu/venv/bin/python3", "/home/anhken/odoo-fitdnu/odoo-fitdnu/odoo-fitdnu/venv/bin/python3.10"]) } and reported as None
2025-02-26 08:50:35.325 [info] Resolved Python Environment /home/anhken/odoo-fitdnu/odoo-fitdnu/odoo-fitdnu/venv/bin/python
2025-02-26 08:54:09.763 [info] Env ("/home/anhken/odoo-fitdnu/odoo-fitdnu/odoo-fitdnu/venv/bin/python") in Path resolved as ResolvedPythonEnv { executable: "/home/anhken/odoo-fitdnu/odoo-fitdnu/odoo-fitdnu/venv/bin/python", prefix: "/home/anhken/odoo-fitdnu/odoo-fitdnu/odoo-fitdnu/venv", version: "3.10.12.final.0", is64_bit: true, symlinks: Some(["/home/anhken/odoo-fitdnu/odoo-fitdnu/odoo-fitdnu/venv/bin/python", "/home/anhken/odoo-fitdnu/odoo-fitdnu/odoo-fitdnu/venv/bin/python3", "/home/anhken/odoo-fitdnu/odoo-fitdnu/odoo-fitdnu/venv/bin/python3.10"]) } and reported as None
2025-02-26 08:54:09.764 [info] Resolved Python Environment /home/anhken/odoo-fitdnu/odoo-fitdnu/odoo-fitdnu/venv/bin/python
2025-02-26 08:54:40.419 [info] Env ("/home/anhken/odoo-fitdnu/odoo-fitdnu/odoo-fitdnu/venv/bin/python") in Path resolved as ResolvedPythonEnv { executable: "/home/anhken/odoo-fitdnu/odoo-fitdnu/odoo-fitdnu/venv/bin/python", prefix: "/home/anhken/odoo-fitdnu/odoo-fitdnu/odoo-fitdnu/venv", version: "3.10.12.final.0", is64_bit: true, symlinks: Some(["/home/anhken/odoo-fitdnu/odoo-fitdnu/odoo-fitdnu/venv/bin/python", "/home/anhken/odoo-fitdnu/odoo-fitdnu/odoo-fitdnu/venv/bin/python3", "/home/anhken/odoo-fitdnu/odoo-fitdnu/odoo-fitdnu/venv/bin/python3.10"]) } and reported as None
2025-02-26 08:54:40.420 [info] Resolved Python Environment /home/anhken/odoo-fitdnu/odoo-fitdnu/odoo-fitdnu/venv/bin/python
2025-02-26 08:55:53.150 [info] Env ("/home/anhken/odoo-fitdnu/odoo-fitdnu/odoo-fitdnu/venv/bin/python") in Path resolved as ResolvedPythonEnv { executable: "/home/anhken/odoo-fitdnu/odoo-fitdnu/odoo-fitdnu/venv/bin/python", prefix: "/home/anhken/odoo-fitdnu/odoo-fitdnu/odoo-fitdnu/venv", version: "3.10.12.final.0", is64_bit: true, symlinks: Some(["/home/anhken/odoo-fitdnu/odoo-fitdnu/odoo-fitdnu/venv/bin/python", "/home/anhken/odoo-fitdnu/odoo-fitdnu/odoo-fitdnu/venv/bin/python3", "/home/anhken/odoo-fitdnu/odoo-fitdnu/odoo-fitdnu/venv/bin/python3.10"]) } and reported as None
2025-02-26 08:55:53.150 [info] Resolved Python Environment /home/anhken/odoo-fitdnu/odoo-fitdnu/odoo-fitdnu/venv/bin/python
2025-02-26 09:03:09.840 [info] Env ("/home/anhken/odoo-fitdnu/odoo-fitdnu/odoo-fitdnu/venv/bin/python") in Path resolved as ResolvedPythonEnv { executable: "/home/anhken/odoo-fitdnu/odoo-fitdnu/odoo-fitdnu/venv/bin/python", prefix: "/home/anhken/odoo-fitdnu/odoo-fitdnu/odoo-fitdnu/venv", version: "3.10.12.final.0", is64_bit: true, symlinks: Some(["/home/anhken/odoo-fitdnu/odoo-fitdnu/odoo-fitdnu/venv/bin/python", "/home/anhken/odoo-fitdnu/odoo-fitdnu/odoo-fitdnu/venv/bin/python3", "/home/anhken/odoo-fitdnu/odoo-fitdnu/odoo-fitdnu/venv/bin/python3.10"]) } and reported as None
2025-02-26 09:03:09.841 [info] Resolved Python Environment /home/anhken/odoo-fitdnu/odoo-fitdnu/odoo-fitdnu/venv/bin/python
2025-02-26 09:06:12.940 [info] Env ("/home/anhken/odoo-fitdnu/odoo-fitdnu/odoo-fitdnu/venv/bin/python") in Path resolved as ResolvedPythonEnv { executable: "/home/anhken/odoo-fitdnu/odoo-fitdnu/odoo-fitdnu/venv/bin/python", prefix: "/home/anhken/odoo-fitdnu/odoo-fitdnu/odoo-fitdnu/venv", version: "3.10.12.final.0", is64_bit: true, symlinks: Some(["/home/anhken/odoo-fitdnu/odoo-fitdnu/odoo-fitdnu/venv/bin/python", "/home/anhken/odoo-fitdnu/odoo-fitdnu/odoo-fitdnu/venv/bin/python3", "/home/anhken/odoo-fitdnu/odoo-fitdnu/odoo-fitdnu/venv/bin/python3.10"]) } and reported as None
2025-02-26 09:06:12.941 [info] Resolved Python Environment /home/anhken/odoo-fitdnu/odoo-fitdnu/odoo-fitdnu/venv/bin/python
2025-02-26 09:07:43.004 [info] Env ("/home/anhken/odoo-fitdnu/odoo-fitdnu/odoo-fitdnu/venv/bin/python") in Path resolved as ResolvedPythonEnv { executable: "/home/anhken/odoo-fitdnu/odoo-fitdnu/odoo-fitdnu/venv/bin/python", prefix: "/home/anhken/odoo-fitdnu/odoo-fitdnu/odoo-fitdnu/venv", version: "3.10.12.final.0", is64_bit: true, symlinks: Some(["/home/anhken/odoo-fitdnu/odoo-fitdnu/odoo-fitdnu/venv/bin/python", "/home/anhken/odoo-fitdnu/odoo-fitdnu/odoo-fitdnu/venv/bin/python3", "/home/anhken/odoo-fitdnu/odoo-fitdnu/odoo-fitdnu/venv/bin/python3.10"]) } and reported as None
2025-02-26 09:07:43.004 [info] Resolved Python Environment /home/anhken/odoo-fitdnu/odoo-fitdnu/odoo-fitdnu/venv/bin/python
2025-02-26 09:10:57.271 [info] Env ("/home/anhken/odoo-fitdnu/odoo-fitdnu/odoo-fitdnu/venv/bin/python") in Path resolved as ResolvedPythonEnv { executable: "/home/anhken/odoo-fitdnu/odoo-fitdnu/odoo-fitdnu/venv/bin/python", prefix: "/home/anhken/odoo-fitdnu/odoo-fitdnu/odoo-fitdnu/venv", version: "3.10.12.final.0", is64_bit: true, symlinks: Some(["/home/anhken/odoo-fitdnu/odoo-fitdnu/odoo-fitdnu/venv/bin/python", "/home/anhken/odoo-fitdnu/odoo-fitdnu/odoo-fitdnu/venv/bin/python3", "/home/anhken/odoo-fitdnu/odoo-fitdnu/odoo-fitdnu/venv/bin/python3.10"]) } and reported as None
2025-02-26 09:10:57.272 [info] Resolved Python Environment /home/anhken/odoo-fitdnu/odoo-fitdnu/odoo-fitdnu/venv/bin/python
2025-02-26 09:15:24.546 [info] Env ("/home/anhken/odoo-fitdnu/odoo-fitdnu/odoo-fitdnu/venv/bin/python") in Path resolved as ResolvedPythonEnv { executable: "/home/anhken/odoo-fitdnu/odoo-fitdnu/odoo-fitdnu/venv/bin/python", prefix: "/home/anhken/odoo-fitdnu/odoo-fitdnu/odoo-fitdnu/venv", version: "3.10.12.final.0", is64_bit: true, symlinks: Some(["/home/anhken/odoo-fitdnu/odoo-fitdnu/odoo-fitdnu/venv/bin/python", "/home/anhken/odoo-fitdnu/odoo-fitdnu/odoo-fitdnu/venv/bin/python3", "/home/anhken/odoo-fitdnu/odoo-fitdnu/odoo-fitdnu/venv/bin/python3.10"]) } and reported as None
2025-02-26 09:15:24.546 [info] Resolved Python Environment /home/anhken/odoo-fitdnu/odoo-fitdnu/odoo-fitdnu/venv/bin/python
2025-02-26 09:17:17.791 [info] Env ("/home/anhken/odoo-fitdnu/odoo-fitdnu/odoo-fitdnu/venv/bin/python") in Path resolved as ResolvedPythonEnv { executable: "/home/anhken/odoo-fitdnu/odoo-fitdnu/odoo-fitdnu/venv/bin/python", prefix: "/home/anhken/odoo-fitdnu/odoo-fitdnu/odoo-fitdnu/venv", version: "3.10.12.final.0", is64_bit: true, symlinks: Some(["/home/anhken/odoo-fitdnu/odoo-fitdnu/odoo-fitdnu/venv/bin/python", "/home/anhken/odoo-fitdnu/odoo-fitdnu/odoo-fitdnu/venv/bin/python3", "/home/anhken/odoo-fitdnu/odoo-fitdnu/odoo-fitdnu/venv/bin/python3.10"]) } and reported as None
2025-02-26 09:17:17.791 [info] Resolved Python Environment /home/anhken/odoo-fitdnu/odoo-fitdnu/odoo-fitdnu/venv/bin/python
2025-02-26 09:18:52.873 [info] Env ("/home/anhken/odoo-fitdnu/odoo-fitdnu/odoo-fitdnu/venv/bin/python") in Path resolved as ResolvedPythonEnv { executable: "/home/anhken/odoo-fitdnu/odoo-fitdnu/odoo-fitdnu/venv/bin/python", prefix: "/home/anhken/odoo-fitdnu/odoo-fitdnu/odoo-fitdnu/venv", version: "3.10.12.final.0", is64_bit: true, symlinks: Some(["/home/anhken/odoo-fitdnu/odoo-fitdnu/odoo-fitdnu/venv/bin/python", "/home/anhken/odoo-fitdnu/odoo-fitdnu/odoo-fitdnu/venv/bin/python3", "/home/anhken/odoo-fitdnu/odoo-fitdnu/odoo-fitdnu/venv/bin/python3.10"]) } and reported as None
2025-02-26 09:18:52.874 [info] Resolved Python Environment /home/anhken/odoo-fitdnu/odoo-fitdnu/odoo-fitdnu/venv/bin/python
2025-02-26 09:19:56.810 [info] Env ("/home/anhken/odoo-fitdnu/odoo-fitdnu/odoo-fitdnu/venv/bin/python") in Path resolved as ResolvedPythonEnv { executable: "/home/anhken/odoo-fitdnu/odoo-fitdnu/odoo-fitdnu/venv/bin/python", prefix: "/home/anhken/odoo-fitdnu/odoo-fitdnu/odoo-fitdnu/venv", version: "3.10.12.final.0", is64_bit: true, symlinks: Some(["/home/anhken/odoo-fitdnu/odoo-fitdnu/odoo-fitdnu/venv/bin/python", "/home/anhken/odoo-fitdnu/odoo-fitdnu/odoo-fitdnu/venv/bin/python3", "/home/anhken/odoo-fitdnu/odoo-fitdnu/odoo-fitdnu/venv/bin/python3.10"]) } and reported as None
2025-02-26 09:19:56.810 [info] Resolved Python Environment /home/anhken/odoo-fitdnu/odoo-fitdnu/odoo-fitdnu/venv/bin/python
2025-02-26 09:20:59.730 [info] Env ("/home/anhken/odoo-fitdnu/odoo-fitdnu/odoo-fitdnu/venv/bin/python") in Path resolved as ResolvedPythonEnv { executable: "/home/anhken/odoo-fitdnu/odoo-fitdnu/odoo-fitdnu/venv/bin/python", prefix: "/home/anhken/odoo-fitdnu/odoo-fitdnu/odoo-fitdnu/venv", version: "3.10.12.final.0", is64_bit: true, symlinks: Some(["/home/anhken/odoo-fitdnu/odoo-fitdnu/odoo-fitdnu/venv/bin/python", "/home/anhken/odoo-fitdnu/odoo-fitdnu/odoo-fitdnu/venv/bin/python3", "/home/anhken/odoo-fitdnu/odoo-fitdnu/odoo-fitdnu/venv/bin/python3.10"]) } and reported as None
2025-02-26 09:20:59.730 [info] Resolved Python Environment /home/anhken/odoo-fitdnu/odoo-fitdnu/odoo-fitdnu/venv/bin/python
2025-02-26 09:27:30.864 [info] Env ("/home/anhken/odoo-fitdnu/odoo-fitdnu/odoo-fitdnu/venv/bin/python") in Path resolved as ResolvedPythonEnv { executable: "/home/anhken/odoo-fitdnu/odoo-fitdnu/odoo-fitdnu/venv/bin/python", prefix: "/home/anhken/odoo-fitdnu/odoo-fitdnu/odoo-fitdnu/venv", version: "3.10.12.final.0", is64_bit: true, symlinks: Some(["/home/anhken/odoo-fitdnu/odoo-fitdnu/odoo-fitdnu/venv/bin/python", "/home/anhken/odoo-fitdnu/odoo-fitdnu/odoo-fitdnu/venv/bin/python3", "/home/anhken/odoo-fitdnu/odoo-fitdnu/odoo-fitdnu/venv/bin/python3.10"]) } and reported as None
2025-02-26 09:27:30.865 [info] Resolved Python Environment /home/anhken/odoo-fitdnu/odoo-fitdnu/odoo-fitdnu/venv/bin/python
2025-02-26 09:28:05.796 [info] Env ("/home/anhken/odoo-fitdnu/odoo-fitdnu/odoo-fitdnu/venv/bin/python") in Path resolved as ResolvedPythonEnv { executable: "/home/anhken/odoo-fitdnu/odoo-fitdnu/odoo-fitdnu/venv/bin/python", prefix: "/home/anhken/odoo-fitdnu/odoo-fitdnu/odoo-fitdnu/venv", version: "3.10.12.final.0", is64_bit: true, symlinks: Some(["/home/anhken/odoo-fitdnu/odoo-fitdnu/odoo-fitdnu/venv/bin/python", "/home/anhken/odoo-fitdnu/odoo-fitdnu/odoo-fitdnu/venv/bin/python3", "/home/anhken/odoo-fitdnu/odoo-fitdnu/odoo-fitdnu/venv/bin/python3.10"]) } and reported as None
2025-02-26 09:28:05.796 [info] Resolved Python Environment /home/anhken/odoo-fitdnu/odoo-fitdnu/odoo-fitdnu/venv/bin/python
