2025-02-26 08:06:35.880 [info] Experiment 'pythonaa' is active
2025-02-26 08:06:35.880 [info] Experiment 'pythonRecommendTensorboardExt' is active
2025-02-26 08:06:35.880 [info] Experiment 'pythonTerminalEnvVarActivation' is active
2025-02-26 08:06:35.880 [info] Experiment 'pythonTestAdapter' is active
2025-02-26 08:06:35.880 [info] Native locator: Refresh started
2025-02-26 08:06:35.880 [info] Native locator: Refresh started
2025-02-26 08:06:35.880 [info] > pyenv which python
2025-02-26 08:06:35.880 [info] cwd: .
2025-02-26 08:06:36.231 [info] Python interpreter path: ./odoo-fitdnu/odoo-fitdnu/odoo-fitdnu/venv/bin/python
2025-02-26 08:06:36.513 [error] Failed to start language server: Launching server using command /home/anhken/odoo-fitdnu/odoo-fitdnu/odoo-fitdnu/venv/bin/python failed. Error: spawn /home/anhken/odoo-fitdnu/odoo-fitdnu/odoo-fitdnu/venv/bin/python ENOENT
2025-02-26 08:06:36.530 [error] [
  'Failed to start language server, Class name = l, completed in 177ms, has a falsy return value, Arg 1: <Uri:/home/anhken>, Arg 2: {"id":"/home/anhken/odoo-fitdnu/odoo-fitdnu/odoo-fitdnu/venv/bin/python","sysPrefix":"/home/anhken/odoo-fitdnu/odoo-fitdnu/odoo-fitdnu/venv","envType":"Unknown","envName":"","envPath":"/home/anhken/odoo-fitdnu/odoo-fitdnu/odoo-fitdnu/venv/bin/python","path":"/home/anhken/odoo-fitdnu/odoo-fitdnu/odoo-fitdnu/venv/bin/python","architecture":3,"sysVersion":"","version":{"raw":"3.10.12","major":3,"minor":10,"patch":12,"build":[],"prerelease":[]},"displayName":"Python 3.10.12","detailedDisplayName":"Python 3.10.12"}, Arg 3: {"documentSelector":[{"scheme":"file","language":"python"},{"scheme":"untitled","language":"python"},{"scheme":"vscode-notebook","language":"python"},{"scheme":"vscode-notebook-cell","language":"python"},{"scheme":"vscode-interactive-input","language":"python"}],"workspaceFolder":{"uri":{"$mid":1,"fsPath":"/home/anhken","external":"file:///home/anhken","path":"/home/anhken","scheme":"file"},"name":"anhken","index":0},"synchronize":{"configurationSection":["python"]},"outputChannel":{"name":"Python Language Server","logLevel":3},"revealOutputChannelOn":4,"initializationOptions":{"markupKindPreferred":"markdown","completion":{"resolveEagerly":false,"disableSnippets":true},"diagnostics":{"enable":true,"didOpen":true,"didSave":true,"didChange":true},"hover":{"disable":{"keyword":{"all":true}}},"workspace":{"extraPaths":["/home/anhken"],"environmentPath":"/home/anhken/odoo-fitdnu/odoo-fitdnu/odoo-fitdnu/venv/bin/python","symbols":{"maxSymbols":0}}},"middleware":{"serviceContainer":{"container":{"options":{"autoBindInjectable":false,"defaultScope":"Transient","skipBaseClassChecks":true},"id":0,"_bindingDictionary":{"_map":{}},"_snapshots":[],"_middleware":null,"_activations":{"_map":{}},"_deactivations":{"_map":{}},"parent":null,"_metadataReader":{},"_moduleActivationStore":{"_map":{}}}},"lastCaptured":{},"nextWindow":0,"eventCount":0,"workspace":{},"connectedPromise":{"scope":null,"_resolved":false,"_rejected":false,"_promise":{}},"notebooks":{},"eventName":"JEDI_LANGUAGE_SERVER.REQUEST"}}, Return Value: undefined',
  [Error: Launching Jedi language server using python failed, see output.
  	at l.start (/home/anhken/.vscode-server/extensions/ms-python.python-2025.0.0/out/client/extension.js:2:22183)
  	at process.processTicksAndRejections (node:internal/process/task_queues:95:5)]
]
2025-02-26 08:06:36.531 [error] [
  'Starting language server, Class name = m, completed in 204ms, has a falsy return value, , Return Value: undefined',
  [Error: Launching Jedi language server using python failed, see output.
  	at l.start (/home/anhken/.vscode-server/extensions/ms-python.python-2025.0.0/out/client/extension.js:2:22183)
  	at process.processTicksAndRejections (node:internal/process/task_queues:95:5)]
]
2025-02-26 08:06:36.532 [error] [
  'Failed to start language server, Class name = m, completed in 311ms, has a falsy return value, Arg 1: <Uri:/home/anhken>, Arg 2: {"id":"/home/anhken/odoo-fitdnu/odoo-fitdnu/odoo-fitdnu/venv/bin/python","sysPrefix":"/home/anhken/odoo-fitdnu/odoo-fitdnu/odoo-fitdnu/venv","envType":"Unknown","envName":"","envPath":"/home/anhken/odoo-fitdnu/odoo-fitdnu/odoo-fitdnu/venv/bin/python","path":"/home/anhken/odoo-fitdnu/odoo-fitdnu/odoo-fitdnu/venv/bin/python","architecture":3,"sysVersion":"","version":{"raw":"3.10.12","major":3,"minor":10,"patch":12,"build":[],"prerelease":[]},"displayName":"Python 3.10.12","detailedDisplayName":"Python 3.10.12"}, Return Value: undefined',
  [Error: Launching Jedi language server using python failed, see output.
  	at l.start (/home/anhken/.vscode-server/extensions/ms-python.python-2025.0.0/out/client/extension.js:2:22183)
  	at process.processTicksAndRejections (node:internal/process/task_queues:95:5)]
]
2025-02-26 08:06:36.533 [error] [
  'Failed to activate a workspace, Class name = v, completed in 776ms, has a falsy return value, Arg 1: <Uri:/home/anhken/odoo-fitdnu/odoo.conf>, Arg 2: {"started":1740531995024}, Return Value: undefined',
  [Error: Launching Jedi language server using python failed, see output.
  	at l.start (/home/anhken/.vscode-server/extensions/ms-python.python-2025.0.0/out/client/extension.js:2:22183)
  	at process.processTicksAndRejections (node:internal/process/task_queues:95:5)]
]
2025-02-26 08:06:36.533 [error] Failure during activation. [Error: Launching Jedi language server using python failed, see output.
	at l.start (/home/anhken/.vscode-server/extensions/ms-python.python-2025.0.0/out/client/extension.js:2:22183)
	at process.processTicksAndRejections (node:internal/process/task_queues:95:5)]
2025-02-26 08:06:36.533 [error] sendStartupTelemetry() failed. [Error: Launching Jedi language server using python failed, see output.
	at l.start (/home/anhken/.vscode-server/extensions/ms-python.python-2025.0.0/out/client/extension.js:2:22183)
	at process.processTicksAndRejections (node:internal/process/task_queues:95:5)]
2025-02-26 08:06:40.524 [info] Native locator: Refresh finished in 5408 ms
2025-02-26 08:52:14.775 [info] Discover tests for workspace name: anhken - uri: /home/anhken/odoo-fitdnu/addons/quan_ly_van_ban/controllers/__init__.py
2025-02-26 09:18:50.692 [info] Discover tests for workspace name: anhken - uri: /home/anhken/odoo-fitdnu/addons/quan_ly_van_ban/models/van_ban_di.py
2025-02-26 09:19:09.392 [info] Discover tests for workspace name: anhken - uri: /home/anhken/odoo-fitdnu/addons/quan_ly_van_ban/models/__init__.py
2025-02-26 09:19:33.283 [info] Discover tests for workspace name: anhken - uri: /home/anhken/odoo-fitdnu/addons/quan_ly_van_ban/models/van_ban_di.py
2025-02-26 09:19:52.419 [info] Discover tests for workspace name: anhken - uri: /home/anhken/odoo-fitdnu/addons/quan_ly_van_ban/models/van_ban_di.py
2025-02-26 09:36:05.674 [info] Discover tests for workspace name: anhken - uri: /home/anhken/odoo-fitdnu/addons/quan_ly_van_ban/__manifest__.py
2025-02-26 09:36:09.857 [info] Discover tests for workspace name: anhken - uri: /home/anhken/odoo-fitdnu/addons/nhan_su/__manifest__.py
