2025-02-19 08:07:17.604 [info] [main] Log level: Info
2025-02-19 08:07:17.604 [info] [main] Validating found git in: "git"
2025-02-19 08:07:17.604 [info] [main] Using git "2.34.1" from "git"
2025-02-19 08:07:17.604 [info] [Model][doInitialScan] Initial repository scan started
2025-02-19 08:07:17.651 [info] > git rev-parse --show-toplevel [53ms]
2025-02-19 08:07:17.651 [info] fatal: not a git repository (or any of the parent directories): .git
2025-02-19 08:07:17.657 [info] > git rev-parse --show-toplevel [2ms]
2025-02-19 08:07:17.657 [info] fatal: not a git repository (or any of the parent directories): .git
2025-02-19 08:07:17.661 [info] > git rev-parse --show-toplevel [2ms]
2025-02-19 08:07:17.661 [info] fatal: not a git repository (or any of the parent directories): .git
2025-02-19 08:07:17.666 [info] > git rev-parse --show-toplevel [2ms]
2025-02-19 08:07:17.666 [info] fatal: not a git repository (or any of the parent directories): .git
2025-02-19 08:07:17.670 [info] > git rev-parse --show-toplevel [1ms]
2025-02-19 08:07:17.670 [info] fatal: not a git repository (or any of the parent directories): .git
2025-02-19 08:07:17.675 [info] > git rev-parse --show-toplevel [2ms]
2025-02-19 08:07:17.675 [info] fatal: not a git repository (or any of the parent directories): .git
2025-02-19 08:07:17.679 [info] [Model][doInitialScan] Initial repository scan completed - repositories (0), closed repositories (0), parent repositories (0), unsafe repositories (0)
2025-02-19 08:08:17.479 [info] > git rev-parse --show-toplevel [2ms]
2025-02-19 08:08:17.484 [info] > git rev-parse --git-dir --git-common-dir [1ms]
2025-02-19 08:08:17.498 [info] [Model][openRepository] Opened repository: /home/anhken/odoo-fitdnu
2025-02-19 08:08:17.512 [info] > git config --get commit.template [5ms]
2025-02-19 08:08:17.516 [info] > git for-each-ref --format=%(refname)%00%(upstream:short)%00%(objectname)%00%(upstream:track)%00%(upstream:remotename)%00%(upstream:remoteref) refs/heads/master refs/remotes/master [6ms]
2025-02-19 08:08:17.517 [warning] [Git][getBranch] No such branch: master
2025-02-19 08:08:17.528 [info] > git status -z -uall [8ms]
2025-02-19 08:08:17.530 [info] > git for-each-ref --sort -committerdate --format %(refname) %(objectname) %(*objectname) [2ms]
2025-02-19 08:08:17.555 [info] > git for-each-ref --format=%(refname)%00%(upstream:short)%00%(objectname)%00%(upstream:track)%00%(upstream:remotename)%00%(upstream:remoteref) refs/heads/master refs/remotes/master [18ms]
2025-02-19 08:08:17.555 [warning] [Git][getBranch] No such branch: master
2025-02-19 08:08:17.556 [error] [GitHistoryProvider][resolveHEADMergeBase] Failed to resolve merge base for master: Error: No such branch: master.
2025-02-19 08:08:17.570 [info] > git config --get commit.template [15ms]
2025-02-19 08:08:17.579 [info] > git for-each-ref --format=%(refname)%00%(upstream:short)%00%(objectname)%00%(upstream:track)%00%(upstream:remotename)%00%(upstream:remoteref) refs/heads/master refs/remotes/master [1ms]
2025-02-19 08:08:17.579 [warning] [Git][getBranch] No such branch: master
2025-02-19 08:08:17.592 [info] > git status -z -uall [8ms]
2025-02-19 08:08:17.595 [info] > git for-each-ref --sort -committerdate --format %(refname) %(objectname) %(*objectname) [8ms]
2025-02-19 08:08:18.055 [info] > git check-ignore -v -z --stdin [2ms]
2025-02-19 08:08:19.518 [info] > git config --get commit.template [4ms]
2025-02-19 08:08:19.518 [info] > git for-each-ref --format=%(refname)%00%(upstream:short)%00%(objectname)%00%(upstream:track)%00%(upstream:remotename)%00%(upstream:remoteref) refs/heads/master refs/remotes/master [2ms]
2025-02-19 08:08:19.519 [warning] [Git][getBranch] No such branch: master
2025-02-19 08:08:19.525 [info] > git status -z -uall [4ms]
2025-02-19 08:08:19.526 [info] > git for-each-ref --sort -committerdate --format %(refname) %(objectname) %(*objectname) [2ms]
2025-02-19 08:09:53.145 [info] > git config --get commit.template [21ms]
2025-02-19 08:09:53.146 [info] > git for-each-ref --format=%(refname)%00%(upstream:short)%00%(objectname)%00%(upstream:track)%00%(upstream:remotename)%00%(upstream:remoteref) refs/heads/main refs/remotes/main [2ms]
2025-02-19 08:09:53.152 [warning] [Git][revParse] Unable to read file: ENOENT: no such file or directory, open '/home/anhken/odoo-fitdnu/.git/refs/remotes/origin/main'
2025-02-19 08:09:53.154 [info] > git rev-parse refs/remotes/origin/main [3ms]
2025-02-19 08:09:53.223 [info] > git for-each-ref --sort -committerdate --format %(refname) %(objectname) %(*objectname) [4ms]
2025-02-19 08:09:53.642 [info] > git status -z -uall [478ms]
2025-02-19 08:09:53.651 [info] > git for-each-ref --format=%(refname)%00%(upstream:short)%00%(objectname)%00%(upstream:track)%00%(upstream:remotename)%00%(upstream:remoteref) refs/heads/main refs/remotes/main [1ms]
2025-02-19 08:09:53.661 [info] > git config --local branch.main.vscode-merge-base [5ms]
2025-02-19 08:09:53.661 [warning] [Git][config] git config failed: Failed to execute git
2025-02-19 08:09:53.668 [info] > git reflog main --grep-reflog=branch: Created from *. [3ms]
2025-02-19 08:09:53.674 [info] > git symbolic-ref --short refs/remotes/origin/HEAD [3ms]
2025-02-19 08:09:53.677 [info] > git for-each-ref --format=%(refname)%00%(upstream:short)%00%(objectname)%00%(upstream:track)%00%(upstream:remotename)%00%(upstream:remoteref) refs/heads/origin/main refs/remotes/origin/main [1ms]
2025-02-19 08:09:53.684 [info] > git config --local branch.main.vscode-merge-base origin/main [4ms]
2025-02-19 08:09:53.692 [info] > git config --get commit.template [3ms]
2025-02-19 08:09:53.693 [info] > git for-each-ref --format=%(refname)%00%(upstream:short)%00%(objectname)%00%(upstream:track)%00%(upstream:remotename)%00%(upstream:remoteref) refs/heads/main refs/remotes/main [2ms]
2025-02-19 08:09:53.696 [warning] [Git][revParse] Unable to read file: ENOENT: no such file or directory, open '/home/anhken/odoo-fitdnu/.git/refs/remotes/origin/main'
2025-02-19 08:09:53.699 [info] > git rev-parse refs/remotes/origin/main [3ms]
2025-02-19 08:09:53.709 [info] > git for-each-ref --sort -committerdate --format %(refname) %(objectname) %(*objectname) [3ms]
2025-02-19 08:09:54.114 [info] > git status -z -uall [412ms]
2025-02-19 08:09:54.183 [info] > git merge-base refs/heads/main refs/remotes/origin/main [63ms]
2025-02-19 08:09:54.187 [info] > git for-each-ref --format=%(refname)%00%(upstream:short)%00%(objectname)%00%(upstream:track)%00%(upstream:remotename)%00%(upstream:remoteref) refs/heads/main refs/remotes/main [70ms]
2025-02-19 08:09:54.194 [info] > git diff --name-status -z --diff-filter=ADMR db6370f21648b65e9b30a9b17f2768f884e067d1...refs/remotes/origin/main [7ms]
2025-02-19 08:09:54.195 [info] > git config --local branch.main.vscode-merge-base [4ms]
2025-02-19 08:09:54.200 [info] > git for-each-ref --format=%(refname)%00%(upstream:short)%00%(objectname)%00%(upstream:track)%00%(upstream:remotename)%00%(upstream:remoteref) refs/heads/origin/main refs/remotes/origin/main [2ms]
2025-02-19 08:10:12.603 [info] > git config --get commit.template [3ms]
2025-02-19 08:10:12.604 [info] > git for-each-ref --format=%(refname)%00%(upstream:short)%00%(objectname)%00%(upstream:track)%00%(upstream:remotename)%00%(upstream:remoteref) refs/heads/cntt15_03 refs/remotes/cntt15_03 [2ms]
2025-02-19 08:10:12.609 [warning] [Git][revParse] Unable to read file: ENOENT: no such file or directory, open '/home/anhken/odoo-fitdnu/.git/refs/remotes/origin/cntt15_03'
2025-02-19 08:10:12.611 [info] > git rev-parse refs/remotes/origin/cntt15_03 [1ms]
2025-02-19 08:10:12.626 [info] > git for-each-ref --sort -committerdate --format %(refname) %(objectname) %(*objectname) [4ms]
2025-02-19 08:10:12.745 [info] > git status -z -uall [129ms]
2025-02-19 08:10:12.753 [info] > git for-each-ref --format=%(refname)%00%(upstream:short)%00%(objectname)%00%(upstream:track)%00%(upstream:remotename)%00%(upstream:remoteref) refs/heads/cntt15_03 refs/remotes/cntt15_03 [1ms]
2025-02-19 08:10:12.760 [info] > git config --local branch.cntt15_03.vscode-merge-base [3ms]
2025-02-19 08:10:12.760 [warning] [Git][config] git config failed: Failed to execute git
2025-02-19 08:10:12.766 [info] > git reflog cntt15_03 --grep-reflog=branch: Created from *. [3ms]
2025-02-19 08:10:12.771 [info] > git for-each-ref --format=%(refname)%00%(upstream:short)%00%(objectname)%00%(upstream:track)%00%(upstream:remotename)%00%(upstream:remoteref) refs/remotes/origin/cntt15_03 [2ms]
2025-02-19 08:10:12.777 [info] > git config --local branch.cntt15_03.vscode-merge-base origin/cntt15_03 [3ms]
2025-02-19 08:10:12.784 [info] > git config --get commit.template [3ms]
2025-02-19 08:10:12.785 [info] > git for-each-ref --format=%(refname)%00%(upstream:short)%00%(objectname)%00%(upstream:track)%00%(upstream:remotename)%00%(upstream:remoteref) refs/heads/cntt15_03 refs/remotes/cntt15_03 [1ms]
2025-02-19 08:10:12.787 [warning] [Git][revParse] Unable to read file: ENOENT: no such file or directory, open '/home/anhken/odoo-fitdnu/.git/refs/remotes/origin/cntt15_03'
2025-02-19 08:10:12.788 [info] > git rev-parse refs/remotes/origin/cntt15_03 [1ms]
2025-02-19 08:10:12.795 [info] > git for-each-ref --sort -committerdate --format %(refname) %(objectname) %(*objectname) [2ms]
2025-02-19 08:10:12.901 [info] > git status -z -uall [111ms]
2025-02-19 08:10:12.911 [info] > git for-each-ref --format=%(refname)%00%(upstream:short)%00%(objectname)%00%(upstream:track)%00%(upstream:remotename)%00%(upstream:remoteref) refs/heads/cntt15_03 refs/remotes/cntt15_03 [4ms]
2025-02-19 08:10:12.914 [info] > git merge-base refs/heads/cntt15_03 refs/remotes/origin/cntt15_03 [5ms]
2025-02-19 08:10:12.918 [info] > git config --local branch.cntt15_03.vscode-merge-base [4ms]
2025-02-19 08:10:12.922 [info] > git diff --name-status -z --diff-filter=ADMR 39a5fa15487188a9446f55bd93d0b4289cd2f1d4...refs/remotes/origin/cntt15_03 [4ms]
2025-02-19 08:10:12.924 [info] > git for-each-ref --format=%(refname)%00%(upstream:short)%00%(objectname)%00%(upstream:track)%00%(upstream:remotename)%00%(upstream:remoteref) refs/heads/origin/cntt15_03 refs/remotes/origin/cntt15_03 [2ms]
2025-02-19 08:10:13.986 [info] > git config --get commit.template [4ms]
2025-02-19 08:10:14.024 [info] > git for-each-ref --format=%(refname)%00%(upstream:short)%00%(objectname)%00%(upstream:track)%00%(upstream:remotename)%00%(upstream:remoteref) refs/heads/cntt15_03 refs/remotes/cntt15_03 [38ms]
2025-02-19 08:10:14.027 [warning] [Git][revParse] Unable to read file: ENOENT: no such file or directory, open '/home/anhken/odoo-fitdnu/.git/refs/remotes/origin/cntt15_03'
2025-02-19 08:10:14.029 [info] > git rev-parse refs/remotes/origin/cntt15_03 [2ms]
2025-02-19 08:10:14.036 [info] > git for-each-ref --sort -committerdate --format %(refname) %(objectname) %(*objectname) [2ms]
2025-02-19 08:10:14.151 [info] > git status -z -uall [120ms]
2025-02-19 08:13:16.177 [info] > git config --get commit.template [3ms]
2025-02-19 08:13:16.178 [info] > git for-each-ref --format=%(refname)%00%(upstream:short)%00%(objectname)%00%(upstream:track)%00%(upstream:remotename)%00%(upstream:remoteref) refs/heads/cntt15_03 refs/remotes/cntt15_03 [1ms]
2025-02-19 08:13:16.181 [warning] [Git][revParse] Unable to read file: ENOENT: no such file or directory, open '/home/anhken/odoo-fitdnu/.git/refs/remotes/origin/cntt15_03'
2025-02-19 08:13:16.182 [info] > git rev-parse refs/remotes/origin/cntt15_03 [1ms]
2025-02-19 08:13:16.191 [info] > git for-each-ref --sort -committerdate --format %(refname) %(objectname) %(*objectname) [3ms]
2025-02-19 08:13:16.307 [info] > git status -z -uall [122ms]
2025-02-19 08:13:24.281 [info] > git config --get commit.template [4ms]
2025-02-19 08:13:24.282 [info] > git for-each-ref --format=%(refname)%00%(upstream:short)%00%(objectname)%00%(upstream:track)%00%(upstream:remotename)%00%(upstream:remoteref) refs/heads/cntt15_03 refs/remotes/cntt15_03 [1ms]
2025-02-19 08:13:24.294 [warning] [Git][revParse] Unable to read file: ENOENT: no such file or directory, open '/home/anhken/odoo-fitdnu/.git/refs/remotes/origin/cntt15_03'
2025-02-19 08:13:24.300 [info] > git rev-parse refs/remotes/origin/cntt15_03 [6ms]
2025-02-19 08:13:24.308 [info] > git for-each-ref --sort -committerdate --format %(refname) %(objectname) %(*objectname) [2ms]
2025-02-19 08:13:24.451 [info] > git status -z -uall [148ms]
2025-02-19 08:14:57.376 [info] > git config --get commit.template [5ms]
2025-02-19 08:14:57.377 [info] > git for-each-ref --format=%(refname)%00%(upstream:short)%00%(objectname)%00%(upstream:track)%00%(upstream:remotename)%00%(upstream:remoteref) refs/heads/cntt15_03 refs/remotes/cntt15_03 [2ms]
2025-02-19 08:14:57.380 [warning] [Git][revParse] Unable to read file: ENOENT: no such file or directory, open '/home/anhken/odoo-fitdnu/.git/refs/remotes/origin/cntt15_03'
2025-02-19 08:14:57.381 [info] > git rev-parse refs/remotes/origin/cntt15_03 [1ms]
2025-02-19 08:14:57.391 [info] > git for-each-ref --sort -committerdate --format %(refname) %(objectname) %(*objectname) [4ms]
2025-02-19 08:14:57.514 [info] > git status -z -uall [131ms]
2025-02-19 08:15:05.954 [info] > git config --get commit.template [8ms]
2025-02-19 08:15:05.959 [info] > git for-each-ref --format=%(refname)%00%(upstream:short)%00%(objectname)%00%(upstream:track)%00%(upstream:remotename)%00%(upstream:remoteref) refs/heads/cntt15_03 refs/remotes/cntt15_03 [5ms]
2025-02-19 08:15:05.964 [warning] [Git][revParse] Unable to read file: ENOENT: no such file or directory, open '/home/anhken/odoo-fitdnu/.git/refs/remotes/origin/cntt15_03'
2025-02-19 08:15:05.966 [info] > git rev-parse refs/remotes/origin/cntt15_03 [2ms]
2025-02-19 08:15:05.976 [info] > git for-each-ref --sort -committerdate --format %(refname) %(objectname) %(*objectname) [3ms]
2025-02-19 08:15:06.078 [info] > git status -z -uall [109ms]
2025-02-19 08:15:21.006 [info] > git config --get commit.template [4ms]
2025-02-19 08:15:21.007 [info] > git for-each-ref --format=%(refname)%00%(upstream:short)%00%(objectname)%00%(upstream:track)%00%(upstream:remotename)%00%(upstream:remoteref) refs/heads/cntt15_03 refs/remotes/cntt15_03 [1ms]
2025-02-19 08:15:21.010 [warning] [Git][revParse] Unable to read file: ENOENT: no such file or directory, open '/home/anhken/odoo-fitdnu/.git/refs/remotes/origin/cntt15_03'
2025-02-19 08:15:21.012 [info] > git rev-parse refs/remotes/origin/cntt15_03 [2ms]
2025-02-19 08:15:21.031 [info] > git for-each-ref --sort -committerdate --format %(refname) %(objectname) %(*objectname) [7ms]
2025-02-19 08:15:21.131 [info] > git status -z -uall [113ms]
2025-02-19 08:17:34.926 [info] > git config --get commit.template [4ms]
2025-02-19 08:17:34.927 [info] > git for-each-ref --format=%(refname)%00%(upstream:short)%00%(objectname)%00%(upstream:track)%00%(upstream:remotename)%00%(upstream:remoteref) refs/heads/cntt15_03 refs/remotes/cntt15_03 [1ms]
2025-02-19 08:17:34.933 [warning] [Git][revParse] Unable to read file: ENOENT: no such file or directory, open '/home/anhken/odoo-fitdnu/.git/refs/remotes/origin/cntt15_03'
2025-02-19 08:17:34.934 [info] > git rev-parse refs/remotes/origin/cntt15_03 [4ms]
2025-02-19 08:17:34.943 [info] > git for-each-ref --sort -committerdate --format %(refname) %(objectname) %(*objectname) [2ms]
2025-02-19 08:17:35.063 [info] > git status -z -uall [126ms]
2025-02-19 08:17:40.074 [info] > git config --get commit.template [4ms]
2025-02-19 08:17:40.075 [info] > git for-each-ref --format=%(refname)%00%(upstream:short)%00%(objectname)%00%(upstream:track)%00%(upstream:remotename)%00%(upstream:remoteref) refs/heads/cntt15_03 refs/remotes/cntt15_03 [2ms]
2025-02-19 08:17:40.078 [warning] [Git][revParse] Unable to read file: ENOENT: no such file or directory, open '/home/anhken/odoo-fitdnu/.git/refs/remotes/origin/cntt15_03'
2025-02-19 08:17:40.079 [info] > git rev-parse refs/remotes/origin/cntt15_03 [1ms]
2025-02-19 08:17:40.088 [info] > git for-each-ref --sort -committerdate --format %(refname) %(objectname) %(*objectname) [3ms]
2025-02-19 08:17:40.212 [info] > git status -z -uall [130ms]
2025-02-19 08:20:50.085 [info] > git config --get commit.template [7ms]
2025-02-19 08:20:50.087 [info] > git for-each-ref --format=%(refname)%00%(upstream:short)%00%(objectname)%00%(upstream:track)%00%(upstream:remotename)%00%(upstream:remoteref) refs/heads/cntt15_03 refs/remotes/cntt15_03 [3ms]
2025-02-19 08:20:50.092 [warning] [Git][revParse] Unable to read file: ENOENT: no such file or directory, open '/home/anhken/odoo-fitdnu/.git/refs/remotes/origin/cntt15_03'
2025-02-19 08:20:50.093 [info] > git rev-parse refs/remotes/origin/cntt15_03 [2ms]
2025-02-19 08:20:50.108 [info] > git for-each-ref --sort -committerdate --format %(refname) %(objectname) %(*objectname) [4ms]
2025-02-19 08:20:50.218 [info] > git status -z -uall [119ms]
2025-02-19 08:32:19.988 [info] > git ls-files --stage -- /home/anhken/odoo-fitdnu/addons/nhan_su/models/nhan_vien.py [8ms]
2025-02-19 08:32:19.993 [info] > git show --textconv :addons/nhan_su/models/nhan_vien.py [16ms]
2025-02-19 08:32:19.994 [info] > git cat-file -s 5582868a6061b7576c65bfb6e8b563fc355889ca [1ms]
2025-02-19 08:32:20.588 [info] > git check-ignore -v -z --stdin [104ms]
2025-02-19 08:34:33.458 [info] > git check-ignore -v -z --stdin [49ms]
2025-02-19 08:34:45.668 [info] > git show --textconv :odoo.conf [7ms]
2025-02-19 08:34:45.674 [info] > git ls-files --stage -- /home/anhken/odoo-fitdnu/odoo.conf [9ms]
2025-02-19 08:34:45.929 [info] > git check-ignore -v -z --stdin [23ms]
2025-02-19 08:34:46.586 [info] > git config --get commit.template [3ms]
2025-02-19 08:34:46.597 [info] > git for-each-ref --format=%(refname)%00%(upstream:short)%00%(objectname)%00%(upstream:track)%00%(upstream:remotename)%00%(upstream:remoteref) refs/heads/cntt15_03 refs/remotes/cntt15_03 [1ms]
2025-02-19 08:34:46.601 [warning] [Git][revParse] Unable to read file: ENOENT: no such file or directory, open '/home/anhken/odoo-fitdnu/.git/refs/remotes/origin/cntt15_03'
2025-02-19 08:34:46.603 [info] > git rev-parse refs/remotes/origin/cntt15_03 [1ms]
2025-02-19 08:34:46.621 [info] > git for-each-ref --sort -committerdate --format %(refname) %(objectname) %(*objectname) [6ms]
2025-02-19 08:34:46.757 [info] > git status -z -uall [148ms]
2025-02-19 08:34:52.622 [info] > git blame --root --incremental 39a5fa15487188a9446f55bd93d0b4289cd2f1d4 -- /home/anhken/odoo-fitdnu/odoo.conf [7ms]
2025-02-19 08:34:52.622 [info] fatal: no such path odoo.conf in 39a5fa15487188a9446f55bd93d0b4289cd2f1d4
2025-02-19 08:34:54.877 [info] > git config --get commit.template [6ms]
2025-02-19 08:34:54.878 [info] > git for-each-ref --format=%(refname)%00%(upstream:short)%00%(objectname)%00%(upstream:track)%00%(upstream:remotename)%00%(upstream:remoteref) refs/heads/cntt15_03 refs/remotes/cntt15_03 [2ms]
2025-02-19 08:34:54.883 [warning] [Git][revParse] Unable to read file: ENOENT: no such file or directory, open '/home/anhken/odoo-fitdnu/.git/refs/remotes/origin/cntt15_03'
2025-02-19 08:34:54.884 [info] > git rev-parse refs/remotes/origin/cntt15_03 [1ms]
2025-02-19 08:34:54.899 [info] > git for-each-ref --sort -committerdate --format %(refname) %(objectname) %(*objectname) [1ms]
2025-02-19 08:34:55.128 [info] > git status -z -uall [240ms]
2025-02-19 08:35:06.242 [info] > git config --get commit.template [6ms]
2025-02-19 08:35:06.244 [info] > git for-each-ref --format=%(refname)%00%(upstream:short)%00%(objectname)%00%(upstream:track)%00%(upstream:remotename)%00%(upstream:remoteref) refs/heads/cntt15_03 refs/remotes/cntt15_03 [3ms]
2025-02-19 08:35:06.248 [warning] [Git][revParse] Unable to read file: ENOENT: no such file or directory, open '/home/anhken/odoo-fitdnu/.git/refs/remotes/origin/cntt15_03'
2025-02-19 08:35:06.249 [info] > git rev-parse refs/remotes/origin/cntt15_03 [1ms]
2025-02-19 08:35:06.257 [info] > git for-each-ref --sort -committerdate --format %(refname) %(objectname) %(*objectname) [2ms]
2025-02-19 08:35:06.383 [info] > git status -z -uall [131ms]
2025-02-19 08:39:21.942 [info] > git config --get commit.template [11ms]
2025-02-19 08:39:21.943 [info] > git for-each-ref --format=%(refname)%00%(upstream:short)%00%(objectname)%00%(upstream:track)%00%(upstream:remotename)%00%(upstream:remoteref) refs/heads/cntt15_03 refs/remotes/cntt15_03 [2ms]
2025-02-19 08:39:21.947 [warning] [Git][revParse] Unable to read file: ENOENT: no such file or directory, open '/home/anhken/odoo-fitdnu/.git/refs/remotes/origin/cntt15_03'
2025-02-19 08:39:21.955 [info] > git rev-parse refs/remotes/origin/cntt15_03 [7ms]
2025-02-19 08:39:21.966 [info] > git for-each-ref --sort -committerdate --format %(refname) %(objectname) %(*objectname) [1ms]
2025-02-19 08:39:22.102 [info] > git status -z -uall [143ms]
2025-02-19 08:43:35.984 [info] > git show --textconv :addons/nhan_su/models/nhan_vien.py [10ms]
2025-02-19 08:43:35.987 [info] > git ls-files --stage -- /home/anhken/odoo-fitdnu/addons/nhan_su/models/nhan_vien.py [7ms]
2025-02-19 08:43:35.994 [info] > git cat-file -s 5582868a6061b7576c65bfb6e8b563fc355889ca [4ms]
2025-02-19 08:43:38.556 [info] > git rev-parse --show-toplevel [2ms]
2025-02-19 08:43:38.556 [info] fatal: not a git repository (or any of the parent directories): .git
2025-02-19 08:56:52.251 [info] > git show --textconv :addons/nhan_su/models/nhan_vien.py [8ms]
2025-02-19 08:56:52.269 [info] > git ls-files --stage -- /home/anhken/odoo-fitdnu/addons/nhan_su/models/nhan_vien.py [22ms]
2025-02-19 08:56:52.276 [info] > git cat-file -s 5582868a6061b7576c65bfb6e8b563fc355889ca [2ms]
2025-02-19 08:56:53.701 [info] > git rev-parse --show-toplevel [1ms]
2025-02-19 08:56:53.701 [info] fatal: not a git repository (or any of the parent directories): .git
2025-02-19 09:08:28.637 [info] > git show --textconv :odoo-bin.py [9ms]
2025-02-19 09:08:28.644 [info] > git ls-files --stage -- /home/anhken/odoo-fitdnu/odoo-bin.py [12ms]
2025-02-19 09:08:28.650 [info] > git cat-file -s 49f74975d42573abeee33d0b5fe70a9d86546669 [2ms]
2025-02-19 09:08:31.747 [info] > git show --textconv :odoo.conf [19ms]
2025-02-19 09:08:31.751 [info] > git ls-files --stage -- /home/anhken/odoo-fitdnu/odoo.conf [16ms]
2025-02-19 09:09:49.110 [info] > git config --get commit.template [8ms]
2025-02-19 09:09:49.112 [info] > git for-each-ref --format=%(refname)%00%(upstream:short)%00%(objectname)%00%(upstream:track)%00%(upstream:remotename)%00%(upstream:remoteref) refs/heads/cntt15_03 refs/remotes/cntt15_03 [4ms]
2025-02-19 09:09:49.119 [warning] [Git][revParse] Unable to read file: ENOENT: no such file or directory, open '/home/anhken/odoo-fitdnu/.git/refs/remotes/origin/cntt15_03'
2025-02-19 09:09:49.122 [info] > git rev-parse refs/remotes/origin/cntt15_03 [3ms]
2025-02-19 09:09:48.001 [info] > git for-each-ref --sort -committerdate --format %(refname) %(objectname) %(*objectname) [3ms]
2025-02-19 09:09:48.110 [info] > git status -z -uall [119ms]
2025-02-19 09:12:32.813 [info] > git rev-parse --show-toplevel [2ms]
2025-02-19 09:12:32.813 [info] fatal: not a git repository (or any of the parent directories): .git
2025-02-19 09:12:32.818 [info] > git rev-parse --show-toplevel [1ms]
2025-02-19 09:12:32.818 [info] fatal: not a git repository (or any of the parent directories): .git
2025-02-19 09:12:50.616 [info] > git rev-parse --show-toplevel [2ms]
2025-02-19 09:12:50.617 [info] fatal: not a git repository (or any of the parent directories): .git
2025-02-19 09:12:50.818 [info] > git rev-parse --show-toplevel [2ms]
2025-02-19 09:12:50.818 [info] fatal: not a git repository (or any of the parent directories): .git
2025-02-19 09:12:54.773 [info] > git show --textconv :odoo.conf [7ms]
2025-02-19 09:12:54.787 [info] > git ls-files --stage -- /home/anhken/odoo-fitdnu/odoo.conf [17ms]
2025-02-19 09:14:06.819 [info] > git config --get commit.template [16ms]
2025-02-19 09:14:06.821 [info] > git for-each-ref --format=%(refname)%00%(upstream:short)%00%(objectname)%00%(upstream:track)%00%(upstream:remotename)%00%(upstream:remoteref) refs/heads/cntt15_03 refs/remotes/cntt15_03 [7ms]
2025-02-19 09:14:06.830 [warning] [Git][revParse] Unable to read file: ENOENT: no such file or directory, open '/home/anhken/odoo-fitdnu/.git/refs/remotes/origin/cntt15_03'
2025-02-19 09:14:06.834 [info] > git rev-parse refs/remotes/origin/cntt15_03 [4ms]
2025-02-19 09:14:06.854 [info] > git for-each-ref --sort -committerdate --format %(refname) %(objectname) %(*objectname) [2ms]
2025-02-19 09:14:06.985 [info] > git status -z -uall [141ms]
2025-02-19 09:14:17.513 [info] > git show --textconv :odoo-bin.py [68ms]
2025-02-19 09:14:17.525 [info] > git ls-files --stage -- /home/anhken/odoo-fitdnu/odoo-bin.py [75ms]
2025-02-19 09:14:17.534 [info] > git cat-file -s 49f74975d42573abeee33d0b5fe70a9d86546669 [3ms]
2025-02-19 09:14:20.076 [info] > git check-ignore -v -z --stdin [11ms]
2025-02-19 09:14:23.050 [info] > git show --textconv :odoo.conf [20ms]
2025-02-19 09:14:23.059 [info] > git ls-files --stage -- /home/anhken/odoo-fitdnu/odoo.conf [16ms]
2025-02-19 09:14:28.560 [info] > git config --get commit.template [7ms]
2025-02-19 09:14:28.561 [info] > git for-each-ref --format=%(refname)%00%(upstream:short)%00%(objectname)%00%(upstream:track)%00%(upstream:remotename)%00%(upstream:remoteref) refs/heads/cntt15_03 refs/remotes/cntt15_03 [4ms]
2025-02-19 09:14:28.566 [warning] [Git][revParse] Unable to read file: ENOENT: no such file or directory, open '/home/anhken/odoo-fitdnu/.git/refs/remotes/origin/cntt15_03'
2025-02-19 09:14:28.568 [info] > git rev-parse refs/remotes/origin/cntt15_03 [2ms]
2025-02-19 09:14:28.586 [info] > git for-each-ref --sort -committerdate --format %(refname) %(objectname) %(*objectname) [7ms]
2025-02-19 09:14:28.736 [info] > git status -z -uall [164ms]
2025-02-19 09:15:18.956 [info] > git config --get commit.template [13ms]
2025-02-19 09:15:18.958 [info] > git for-each-ref --format=%(refname)%00%(upstream:short)%00%(objectname)%00%(upstream:track)%00%(upstream:remotename)%00%(upstream:remoteref) refs/heads/cntt15_03 refs/remotes/cntt15_03 [4ms]
2025-02-19 09:15:18.963 [warning] [Git][revParse] Unable to read file: ENOENT: no such file or directory, open '/home/anhken/odoo-fitdnu/.git/refs/remotes/origin/cntt15_03'
2025-02-19 09:15:18.965 [info] > git rev-parse refs/remotes/origin/cntt15_03 [3ms]
2025-02-19 09:15:18.977 [info] > git for-each-ref --sort -committerdate --format %(refname) %(objectname) %(*objectname) [3ms]
2025-02-19 09:15:19.102 [info] > git status -z -uall [132ms]
2025-02-19 09:16:26.024 [info] > git config --get commit.template [3ms]
2025-02-19 09:16:26.029 [info] > git for-each-ref --format=%(refname)%00%(upstream:short)%00%(objectname)%00%(upstream:track)%00%(upstream:remotename)%00%(upstream:remoteref) refs/heads/cntt15_03 refs/remotes/cntt15_03 [1ms]
2025-02-19 09:16:26.033 [warning] [Git][revParse] Unable to read file: ENOENT: no such file or directory, open '/home/anhken/odoo-fitdnu/.git/refs/remotes/origin/cntt15_03'
2025-02-19 09:16:26.035 [info] > git rev-parse refs/remotes/origin/cntt15_03 [1ms]
2025-02-19 09:16:26.046 [info] > git for-each-ref --sort -committerdate --format %(refname) %(objectname) %(*objectname) [2ms]
2025-02-19 09:16:26.152 [info] > git status -z -uall [114ms]
2025-02-19 09:16:27.237 [info] > git config --get commit.template [12ms]
2025-02-19 09:16:27.240 [info] > git for-each-ref --format=%(refname)%00%(upstream:short)%00%(objectname)%00%(upstream:track)%00%(upstream:remotename)%00%(upstream:remoteref) refs/heads/cntt15_03 refs/remotes/cntt15_03 [4ms]
2025-02-19 09:16:27.248 [warning] [Git][revParse] Unable to read file: ENOENT: no such file or directory, open '/home/anhken/odoo-fitdnu/.git/refs/remotes/origin/cntt15_03'
2025-02-19 09:16:27.251 [info] > git rev-parse refs/remotes/origin/cntt15_03 [3ms]
2025-02-19 09:16:27.268 [info] > git for-each-ref --sort -committerdate --format %(refname) %(objectname) %(*objectname) [2ms]
2025-02-19 09:16:27.444 [info] > git status -z -uall [184ms]
2025-02-19 09:17:55.104 [info] > git config --get commit.template [4ms]
2025-02-19 09:17:55.106 [info] > git for-each-ref --format=%(refname)%00%(upstream:short)%00%(objectname)%00%(upstream:track)%00%(upstream:remotename)%00%(upstream:remoteref) refs/heads/cntt15_03 refs/remotes/cntt15_03 [1ms]
2025-02-19 09:17:55.109 [warning] [Git][revParse] Unable to read file: ENOENT: no such file or directory, open '/home/anhken/odoo-fitdnu/.git/refs/remotes/origin/cntt15_03'
2025-02-19 09:17:55.111 [info] > git rev-parse refs/remotes/origin/cntt15_03 [2ms]
2025-02-19 09:17:55.123 [info] > git for-each-ref --sort -committerdate --format %(refname) %(objectname) %(*objectname) [4ms]
2025-02-19 09:17:55.234 [info] > git status -z -uall [119ms]
2025-02-19 09:18:00.255 [info] > git config --get commit.template [10ms]
2025-02-19 09:18:00.255 [info] > git for-each-ref --format=%(refname)%00%(upstream:short)%00%(objectname)%00%(upstream:track)%00%(upstream:remotename)%00%(upstream:remoteref) refs/heads/cntt15_03 refs/remotes/cntt15_03 [2ms]
2025-02-19 09:18:00.266 [warning] [Git][revParse] Unable to read file: ENOENT: no such file or directory, open '/home/anhken/odoo-fitdnu/.git/refs/remotes/origin/cntt15_03'
2025-02-19 09:18:00.268 [info] > git rev-parse refs/remotes/origin/cntt15_03 [2ms]
2025-02-19 09:18:00.289 [info] > git for-each-ref --sort -committerdate --format %(refname) %(objectname) %(*objectname) [4ms]
2025-02-19 09:18:00.426 [info] > git status -z -uall [146ms]
2025-02-19 09:18:48.034 [info] > git config --get commit.template [1ms]
2025-02-19 09:18:48.044 [info] > git for-each-ref --format=%(refname)%00%(upstream:short)%00%(objectname)%00%(upstream:track)%00%(upstream:remotename)%00%(upstream:remoteref) refs/heads/cntt15_03 refs/remotes/cntt15_03 [4ms]
2025-02-19 09:18:48.049 [warning] [Git][revParse] Unable to read file: ENOENT: no such file or directory, open '/home/anhken/odoo-fitdnu/.git/refs/remotes/origin/cntt15_03'
2025-02-19 09:18:48.050 [info] > git rev-parse refs/remotes/origin/cntt15_03 [1ms]
2025-02-19 09:18:48.083 [info] > git for-each-ref --sort -committerdate --format %(refname) %(objectname) %(*objectname) [7ms]
2025-02-19 09:18:48.240 [info] > git status -z -uall [186ms]
2025-02-19 09:18:59.399 [info] > git config --get commit.template [5ms]
2025-02-19 09:18:59.400 [info] > git for-each-ref --format=%(refname)%00%(upstream:short)%00%(objectname)%00%(upstream:track)%00%(upstream:remotename)%00%(upstream:remoteref) refs/heads/cntt15_03 refs/remotes/cntt15_03 [1ms]
2025-02-19 09:18:59.404 [warning] [Git][revParse] Unable to read file: ENOENT: no such file or directory, open '/home/anhken/odoo-fitdnu/.git/refs/remotes/origin/cntt15_03'
2025-02-19 09:18:59.405 [info] > git rev-parse refs/remotes/origin/cntt15_03 [2ms]
2025-02-19 09:18:59.422 [info] > git for-each-ref --sort -committerdate --format %(refname) %(objectname) %(*objectname) [5ms]
2025-02-19 09:18:59.544 [info] > git status -z -uall [133ms]
2025-02-19 09:19:15.728 [info] > git config --get commit.template [7ms]
2025-02-19 09:19:15.729 [info] > git for-each-ref --format=%(refname)%00%(upstream:short)%00%(objectname)%00%(upstream:track)%00%(upstream:remotename)%00%(upstream:remoteref) refs/heads/cntt15_03 refs/remotes/cntt15_03 [3ms]
2025-02-19 09:19:15.732 [warning] [Git][revParse] Unable to read file: ENOENT: no such file or directory, open '/home/anhken/odoo-fitdnu/.git/refs/remotes/origin/cntt15_03'
2025-02-19 09:19:15.734 [info] > git rev-parse refs/remotes/origin/cntt15_03 [2ms]
2025-02-19 09:19:15.747 [info] > git for-each-ref --sort -committerdate --format %(refname) %(objectname) %(*objectname) [4ms]
2025-02-19 09:19:15.858 [info] > git status -z -uall [119ms]
2025-02-19 09:42:02.694 [warning] [Model][getRepositoryExact] Failed to get repository realpath for: "/home/anhken/.vscode-server/extensions/.c2bac81a-8d46-4960-b59f-929c6d1e7941/bundled/libs/debugpy/_vendored/pydevd/_pydevd_frame_eval/". Error:Error: ENOENT: no such file or directory, realpath '/home/anhken/.vscode-server/extensions/.c2bac81a-8d46-4960-b59f-929c6d1e7941/bundled/libs/debugpy/_vendored/pydevd/_pydevd_frame_eval/'
2025-02-19 09:42:02.706 [warning] [Model][getRepositoryExact] Failed to get repository realpath for: "/home/anhken/.vscode-server/extensions/.c2bac81a-8d46-4960-b59f-929c6d1e7941/bundled/libs/debugpy/_vendored/pydevd/pydevd_attach_to_process/linux_and_mac/". Error:Error: ENOENT: no such file or directory, realpath '/home/anhken/.vscode-server/extensions/.c2bac81a-8d46-4960-b59f-929c6d1e7941/bundled/libs/debugpy/_vendored/pydevd/pydevd_attach_to_process/linux_and_mac/'
2025-02-19 09:50:15.679 [info] > git config --get commit.template [5ms]
2025-02-19 09:50:15.680 [info] > git for-each-ref --format=%(refname)%00%(upstream:short)%00%(objectname)%00%(upstream:track)%00%(upstream:remotename)%00%(upstream:remoteref) refs/heads/cntt15_03 refs/remotes/cntt15_03 [1ms]
2025-02-19 09:50:15.684 [warning] [Git][revParse] Unable to read file: ENOENT: no such file or directory, open '/home/anhken/odoo-fitdnu/.git/refs/remotes/origin/cntt15_03'
2025-02-19 09:50:15.686 [info] > git rev-parse refs/remotes/origin/cntt15_03 [2ms]
2025-02-19 09:50:15.701 [info] > git for-each-ref --sort -committerdate --format %(refname) %(objectname) %(*objectname) [2ms]
2025-02-19 09:50:15.909 [info] > git status -z -uall [216ms]
2025-02-19 09:51:11.251 [info] > git config --get commit.template [2ms]
2025-02-19 09:51:11.267 [info] > git for-each-ref --format=%(refname)%00%(upstream:short)%00%(objectname)%00%(upstream:track)%00%(upstream:remotename)%00%(upstream:remoteref) refs/heads/cntt15_03 refs/remotes/cntt15_03 [2ms]
2025-02-19 09:51:11.280 [warning] [Git][revParse] Unable to read file: ENOENT: no such file or directory, open '/home/anhken/odoo-fitdnu/.git/refs/remotes/origin/cntt15_03'
2025-02-19 09:51:11.282 [info] > git rev-parse refs/remotes/origin/cntt15_03 [2ms]
2025-02-19 09:51:11.295 [info] > git for-each-ref --sort -committerdate --format %(refname) %(objectname) %(*objectname) [2ms]
2025-02-19 09:51:11.421 [info] > git status -z -uall [134ms]
2025-02-19 09:54:12.032 [info] > git config --get commit.template [7ms]
2025-02-19 09:54:12.032 [info] > git for-each-ref --format=%(refname)%00%(upstream:short)%00%(objectname)%00%(upstream:track)%00%(upstream:remotename)%00%(upstream:remoteref) refs/heads/cntt15_03 refs/remotes/cntt15_03 [3ms]
2025-02-19 09:54:12.037 [warning] [Git][revParse] Unable to read file: ENOENT: no such file or directory, open '/home/anhken/odoo-fitdnu/.git/refs/remotes/origin/cntt15_03'
2025-02-19 09:54:12.039 [info] > git rev-parse refs/remotes/origin/cntt15_03 [2ms]
2025-02-19 09:54:12.102 [info] > git for-each-ref --sort -committerdate --format %(refname) %(objectname) %(*objectname) [54ms]
2025-02-19 09:54:12.162 [info] > git status -z -uall [118ms]
2025-02-19 09:55:33.678 [info] > git config --get commit.template [13ms]
2025-02-19 09:55:33.682 [info] > git for-each-ref --format=%(refname)%00%(upstream:short)%00%(objectname)%00%(upstream:track)%00%(upstream:remotename)%00%(upstream:remoteref) refs/heads/cntt15_03 refs/remotes/cntt15_03 [6ms]
2025-02-19 09:55:33.690 [warning] [Git][revParse] Unable to read file: ENOENT: no such file or directory, open '/home/anhken/odoo-fitdnu/.git/refs/remotes/origin/cntt15_03'
2025-02-19 09:55:33.692 [info] > git rev-parse refs/remotes/origin/cntt15_03 [2ms]
2025-02-19 09:55:33.706 [info] > git for-each-ref --sort -committerdate --format %(refname) %(objectname) %(*objectname) [3ms]
2025-02-19 09:55:33.826 [info] > git status -z -uall [129ms]
2025-02-19 09:56:40.605 [info] > git config --get commit.template [5ms]
2025-02-19 09:56:40.606 [info] > git for-each-ref --format=%(refname)%00%(upstream:short)%00%(objectname)%00%(upstream:track)%00%(upstream:remotename)%00%(upstream:remoteref) refs/heads/cntt15_03 refs/remotes/cntt15_03 [3ms]
2025-02-19 09:56:40.610 [warning] [Git][revParse] Unable to read file: ENOENT: no such file or directory, open '/home/anhken/odoo-fitdnu/.git/refs/remotes/origin/cntt15_03'
2025-02-19 09:56:40.611 [info] > git rev-parse refs/remotes/origin/cntt15_03 [1ms]
2025-02-19 09:56:40.621 [info] > git for-each-ref --sort -committerdate --format %(refname) %(objectname) %(*objectname) [3ms]
2025-02-19 09:56:40.724 [info] > git status -z -uall [110ms]
2025-02-19 09:58:10.937 [info] > git config --get commit.template [10ms]
2025-02-19 09:58:10.943 [info] > git for-each-ref --format=%(refname)%00%(upstream:short)%00%(objectname)%00%(upstream:track)%00%(upstream:remotename)%00%(upstream:remoteref) refs/heads/cntt15_03 refs/remotes/cntt15_03 [7ms]
2025-02-19 09:58:10.946 [warning] [Git][revParse] Unable to read file: ENOENT: no such file or directory, open '/home/anhken/odoo-fitdnu/.git/refs/remotes/origin/cntt15_03'
2025-02-19 09:58:10.948 [info] > git rev-parse refs/remotes/origin/cntt15_03 [2ms]
2025-02-19 09:58:10.967 [info] > git for-each-ref --sort -committerdate --format %(refname) %(objectname) %(*objectname) [10ms]
2025-02-19 09:58:11.161 [info] > git status -z -uall [210ms]
2025-02-19 09:58:17.800 [info] > git for-each-ref --format=%(refname)%00%(upstream:short)%00%(objectname)%00%(upstream:track)%00%(upstream:remotename)%00%(upstream:remoteref) refs/heads/cntt15_03 refs/remotes/cntt15_03 [4ms]
2025-02-19 09:58:17.802 [info] > git config --get commit.template [27ms]
2025-02-19 09:58:17.808 [warning] [Git][revParse] Unable to read file: ENOENT: no such file or directory, open '/home/anhken/odoo-fitdnu/.git/refs/remotes/origin/cntt15_03'
2025-02-19 09:58:17.818 [info] > git rev-parse refs/remotes/origin/cntt15_03 [9ms]
2025-02-19 09:58:17.865 [info] > git for-each-ref --sort -committerdate --format %(refname) %(objectname) %(*objectname) [15ms]
2025-02-19 09:58:18.076 [info] > git status -z -uall [247ms]
2025-02-19 09:58:26.337 [info] > git config --get commit.template [5ms]
2025-02-19 09:58:26.338 [info] > git for-each-ref --format=%(refname)%00%(upstream:short)%00%(objectname)%00%(upstream:track)%00%(upstream:remotename)%00%(upstream:remoteref) refs/heads/cntt15_03 refs/remotes/cntt15_03 [2ms]
2025-02-19 09:58:26.345 [warning] [Git][revParse] Unable to read file: ENOENT: no such file or directory, open '/home/anhken/odoo-fitdnu/.git/refs/remotes/origin/cntt15_03'
2025-02-19 09:58:26.347 [info] > git rev-parse refs/remotes/origin/cntt15_03 [2ms]
2025-02-19 09:58:26.360 [info] > git for-each-ref --sort -committerdate --format %(refname) %(objectname) %(*objectname) [3ms]
2025-02-19 09:58:26.495 [info] > git status -z -uall [143ms]
2025-02-19 09:59:02.000 [info] > git config --get commit.template [8ms]
2025-02-19 09:59:02.002 [info] > git for-each-ref --format=%(refname)%00%(upstream:short)%00%(objectname)%00%(upstream:track)%00%(upstream:remotename)%00%(upstream:remoteref) refs/heads/cntt15_03 refs/remotes/cntt15_03 [3ms]
2025-02-19 09:59:02.007 [warning] [Git][revParse] Unable to read file: ENOENT: no such file or directory, open '/home/anhken/odoo-fitdnu/.git/refs/remotes/origin/cntt15_03'
2025-02-19 09:59:02.008 [info] > git rev-parse refs/remotes/origin/cntt15_03 [1ms]
2025-02-19 09:59:02.030 [info] > git for-each-ref --sort -committerdate --format %(refname) %(objectname) %(*objectname) [8ms]
2025-02-19 09:59:02.179 [info] > git status -z -uall [163ms]
2025-02-19 09:59:07.429 [info] > git config --get commit.template [4ms]
2025-02-19 09:59:07.438 [info] > git for-each-ref --format=%(refname)%00%(upstream:short)%00%(objectname)%00%(upstream:track)%00%(upstream:remotename)%00%(upstream:remoteref) refs/heads/cntt15_03 refs/remotes/cntt15_03 [2ms]
2025-02-19 09:59:07.441 [warning] [Git][revParse] Unable to read file: ENOENT: no such file or directory, open '/home/anhken/odoo-fitdnu/.git/refs/remotes/origin/cntt15_03'
2025-02-19 09:59:07.444 [info] > git rev-parse refs/remotes/origin/cntt15_03 [3ms]
2025-02-19 09:59:07.460 [info] > git for-each-ref --sort -committerdate --format %(refname) %(objectname) %(*objectname) [4ms]
2025-02-19 09:59:07.709 [info] > git status -z -uall [260ms]
2025-02-19 09:59:50.099 [info] > git config --get commit.template [11ms]
2025-02-19 09:59:50.275 [info] > git for-each-ref --format=%(refname)%00%(upstream:short)%00%(objectname)%00%(upstream:track)%00%(upstream:remotename)%00%(upstream:remoteref) refs/heads/cntt15_03 refs/remotes/cntt15_03 [179ms]
2025-02-19 09:59:50.279 [warning] [Git][revParse] Unable to read file: ENOENT: no such file or directory, open '/home/anhken/odoo-fitdnu/.git/refs/remotes/origin/cntt15_03'
2025-02-19 09:59:50.280 [info] > git rev-parse refs/remotes/origin/cntt15_03 [2ms]
2025-02-19 09:59:50.296 [info] > git for-each-ref --sort -committerdate --format %(refname) %(objectname) %(*objectname) [3ms]
2025-02-19 09:59:50.423 [info] > git status -z -uall [140ms]
2025-02-19 10:00:00.640 [info] > git config --get commit.template [5ms]
2025-02-19 10:00:00.641 [info] > git for-each-ref --format=%(refname)%00%(upstream:short)%00%(objectname)%00%(upstream:track)%00%(upstream:remotename)%00%(upstream:remoteref) refs/heads/cntt15_03 refs/remotes/cntt15_03 [2ms]
2025-02-19 10:00:00.644 [warning] [Git][revParse] Unable to read file: ENOENT: no such file or directory, open '/home/anhken/odoo-fitdnu/.git/refs/remotes/origin/cntt15_03'
2025-02-19 10:00:00.645 [info] > git rev-parse refs/remotes/origin/cntt15_03 [1ms]
2025-02-19 10:00:00.657 [info] > git for-each-ref --sort -committerdate --format %(refname) %(objectname) %(*objectname) [1ms]
2025-02-19 10:00:00.775 [info] > git status -z -uall [127ms]
2025-02-19 10:00:14.432 [info] > git config --get commit.template [9ms]
2025-02-19 10:00:14.437 [info] > git for-each-ref --format=%(refname)%00%(upstream:short)%00%(objectname)%00%(upstream:track)%00%(upstream:remotename)%00%(upstream:remoteref) refs/heads/cntt15_03 refs/remotes/cntt15_03 [3ms]
2025-02-19 10:00:14.442 [warning] [Git][revParse] Unable to read file: ENOENT: no such file or directory, open '/home/anhken/odoo-fitdnu/.git/refs/remotes/origin/cntt15_03'
2025-02-19 10:00:14.451 [info] > git rev-parse refs/remotes/origin/cntt15_03 [9ms]
2025-02-19 10:00:14.469 [info] > git for-each-ref --sort -committerdate --format %(refname) %(objectname) %(*objectname) [3ms]
2025-02-19 10:00:14.628 [info] > git status -z -uall [169ms]
2025-02-19 10:03:49.536 [info] > git show --textconv :odoo.conf [11ms]
2025-02-19 10:03:49.544 [info] > git ls-files --stage -- /home/anhken/odoo-fitdnu/odoo.conf [13ms]
2025-02-19 10:04:46.848 [info] > git show --textconv :odoo.conf [15ms]
2025-02-19 10:04:46.857 [info] > git ls-files --stage -- /home/anhken/odoo-fitdnu/odoo.conf [20ms]
2025-02-19 10:04:47.381 [info] > git config --get commit.template [8ms]
2025-02-19 10:04:47.385 [info] > git for-each-ref --format=%(refname)%00%(upstream:short)%00%(objectname)%00%(upstream:track)%00%(upstream:remotename)%00%(upstream:remoteref) refs/heads/cntt15_03 refs/remotes/cntt15_03 [8ms]
2025-02-19 10:04:47.394 [warning] [Git][revParse] Unable to read file: ENOENT: no such file or directory, open '/home/anhken/odoo-fitdnu/.git/refs/remotes/origin/cntt15_03'
2025-02-19 10:04:47.400 [info] > git rev-parse refs/remotes/origin/cntt15_03 [6ms]
2025-02-19 10:04:47.416 [info] > git for-each-ref --sort -committerdate --format %(refname) %(objectname) %(*objectname) [3ms]
2025-02-19 10:04:47.675 [info] > git status -z -uall [269ms]
2025-02-19 10:05:26.417 [info] > git config --get commit.template [19ms]
2025-02-19 10:05:26.420 [info] > git for-each-ref --format=%(refname)%00%(upstream:short)%00%(objectname)%00%(upstream:track)%00%(upstream:remotename)%00%(upstream:remoteref) refs/heads/cntt15_03 refs/remotes/cntt15_03 [5ms]
2025-02-19 10:05:26.425 [warning] [Git][revParse] Unable to read file: ENOENT: no such file or directory, open '/home/anhken/odoo-fitdnu/.git/refs/remotes/origin/cntt15_03'
2025-02-19 10:05:26.427 [info] > git rev-parse refs/remotes/origin/cntt15_03 [2ms]
2025-02-19 10:05:26.440 [info] > git for-each-ref --sort -committerdate --format %(refname) %(objectname) %(*objectname) [3ms]
2025-02-19 10:05:26.566 [info] > git status -z -uall [134ms]
2025-02-19 10:06:31.837 [info] > git config --get commit.template [8ms]
2025-02-19 10:06:31.852 [info] > git for-each-ref --format=%(refname)%00%(upstream:short)%00%(objectname)%00%(upstream:track)%00%(upstream:remotename)%00%(upstream:remoteref) refs/heads/cntt15_03 refs/remotes/cntt15_03 [6ms]
2025-02-19 10:06:31.863 [warning] [Git][revParse] Unable to read file: ENOENT: no such file or directory, open '/home/anhken/odoo-fitdnu/.git/refs/remotes/origin/cntt15_03'
2025-02-19 10:06:31.866 [info] > git rev-parse refs/remotes/origin/cntt15_03 [3ms]
2025-02-19 10:06:31.884 [info] > git for-each-ref --sort -committerdate --format %(refname) %(objectname) %(*objectname) [4ms]
2025-02-19 10:06:32.038 [info] > git status -z -uall [165ms]
2025-02-19 10:06:52.853 [info] > git ls-files --stage -- /home/anhken/odoo-fitdnu/COPYRIGHT [9ms]
2025-02-19 10:06:52.859 [info] > git show --textconv :COPYRIGHT [21ms]
2025-02-19 10:06:52.865 [info] > git cat-file -s b0f9743d204484b1080d339ec55a638b1cde32dc [6ms]
2025-02-19 10:06:54.987 [info] > git check-ignore -v -z --stdin [133ms]
2025-02-19 10:06:56.276 [info] > git check-ignore -v -z --stdin [38ms]
2025-02-19 10:08:02.822 [info] > git config --get commit.template [6ms]
2025-02-19 10:08:02.823 [info] > git for-each-ref --format=%(refname)%00%(upstream:short)%00%(objectname)%00%(upstream:track)%00%(upstream:remotename)%00%(upstream:remoteref) refs/heads/cntt15_03 refs/remotes/cntt15_03 [2ms]
2025-02-19 10:08:02.828 [warning] [Git][revParse] Unable to read file: ENOENT: no such file or directory, open '/home/anhken/odoo-fitdnu/.git/refs/remotes/origin/cntt15_03'
2025-02-19 10:08:02.830 [info] > git rev-parse refs/remotes/origin/cntt15_03 [2ms]
2025-02-19 10:08:02.845 [info] > git for-each-ref --sort -committerdate --format %(refname) %(objectname) %(*objectname) [5ms]
2025-02-19 10:08:02.975 [info] > git status -z -uall [140ms]
2025-02-19 10:08:36.502 [warning] [Git][getHEAD] Failed to parse HEAD file: ENOENT: no such file or directory, open '/home/anhken/odoo-fitdnu/.git/HEAD'
2025-02-19 10:08:36.511 [warning] [Git][getRemotes] Error: ENOENT: no such file or directory, open '/home/anhken/odoo-fitdnu/.git/config'
2025-02-19 10:08:36.527 [warning] [Git][getHEAD] Failed to parse HEAD file: ENOENT: no such file or directory, open '/home/anhken/odoo-fitdnu/.git/HEAD'
2025-02-19 10:08:36.586 [warning] [Git][getRemotes] Error: ENOENT: no such file or directory, open '/home/anhken/odoo-fitdnu/.git/config'
2025-02-19 10:09:16.704 [info] > git rev-parse --show-toplevel [2ms]
2025-02-19 10:09:16.710 [info] > git rev-parse --git-dir --git-common-dir [1ms]
2025-02-19 10:09:16.724 [info] [Model][openRepository] Opened repository: /home/anhken/odoo-fitdnu
2025-02-19 10:09:16.734 [info] > git config --get commit.template [3ms]
2025-02-19 10:09:16.740 [info] > git for-each-ref --format=%(refname)%00%(upstream:short)%00%(objectname)%00%(upstream:track)%00%(upstream:remotename)%00%(upstream:remoteref) refs/heads/master refs/remotes/master [1ms]
2025-02-19 10:09:16.740 [warning] [Git][getBranch] No such branch: master
2025-02-19 10:09:16.753 [info] > git status -z -uall [8ms]
2025-02-19 10:09:16.754 [info] > git for-each-ref --sort -committerdate --format %(refname) %(objectname) %(*objectname) [2ms]
2025-02-19 10:09:16.775 [info] > git for-each-ref --format=%(refname)%00%(upstream:short)%00%(objectname)%00%(upstream:track)%00%(upstream:remotename)%00%(upstream:remoteref) refs/heads/master refs/remotes/master [14ms]
2025-02-19 10:09:16.775 [warning] [Git][getBranch] No such branch: master
2025-02-19 10:09:16.776 [error] [GitHistoryProvider][resolveHEADMergeBase] Failed to resolve merge base for master: Error: No such branch: master.
2025-02-19 10:09:16.778 [info] > git config --get commit.template [4ms]
2025-02-19 10:09:16.784 [info] > git for-each-ref --format=%(refname)%00%(upstream:short)%00%(objectname)%00%(upstream:track)%00%(upstream:remotename)%00%(upstream:remoteref) refs/heads/master refs/remotes/master [2ms]
2025-02-19 10:09:16.785 [warning] [Git][getBranch] No such branch: master
2025-02-19 10:09:16.795 [info] > git status -z -uall [6ms]
2025-02-19 10:09:16.797 [info] > git for-each-ref --sort -committerdate --format %(refname) %(objectname) %(*objectname) [3ms]
2025-02-19 10:09:17.283 [info] > git check-ignore -v -z --stdin [1ms]
2025-02-19 10:09:18.549 [info] > git config --get commit.template [5ms]
2025-02-19 10:09:18.549 [info] > git for-each-ref --format=%(refname)%00%(upstream:short)%00%(objectname)%00%(upstream:track)%00%(upstream:remotename)%00%(upstream:remoteref) refs/heads/master refs/remotes/master [1ms]
2025-02-19 10:09:18.549 [warning] [Git][getBranch] No such branch: master
2025-02-19 10:09:18.560 [info] > git status -z -uall [7ms]
2025-02-19 10:09:18.562 [info] > git for-each-ref --sort -committerdate --format %(refname) %(objectname) %(*objectname) [2ms]
2025-02-19 10:09:18.652 [info] > git ls-files --stage -- /home/anhken/odoo-fitdnu/COPYRIGHT [1ms]
2025-02-19 10:09:18.662 [info] > git show --textconv :COPYRIGHT [1ms]
2025-02-19 10:10:40.896 [info] > git ls-files --stage -- /home/anhken/odoo-fitdnu/COPYRIGHT [9ms]
2025-02-19 10:10:40.970 [info] > git show --textconv :COPYRIGHT [4ms]
2025-02-19 10:10:57.945 [info] > git config --get commit.template [16ms]
2025-02-19 10:10:58.122 [info] > git ls-files --stage -- /home/anhken/odoo-fitdnu/COPYRIGHT [10ms]
2025-02-19 10:10:58.715 [info] > git for-each-ref --format=%(refname)%00%(upstream:short)%00%(objectname)%00%(upstream:track)%00%(upstream:remotename)%00%(upstream:remoteref) refs/heads/main refs/remotes/main [770ms]
2025-02-19 10:10:58.715 [info] > git cat-file -s b0f9743d204484b1080d339ec55a638b1cde32dc [587ms]
2025-02-19 10:10:58.720 [warning] [Git][revParse] Unable to read file: ENOENT: no such file or directory, open '/home/anhken/odoo-fitdnu/.git/refs/remotes/origin/main'
2025-02-19 10:10:58.727 [info] > git rev-parse refs/remotes/origin/main [7ms]
2025-02-19 10:10:58.760 [info] > git show --textconv :COPYRIGHT [35ms]
2025-02-19 10:10:58.767 [info] > git for-each-ref --sort -committerdate --format %(refname) %(objectname) %(*objectname) [4ms]
2025-02-19 10:11:00.886 [info] > git status -z -uall [2142ms]
2025-02-19 10:11:00.904 [info] > git for-each-ref --format=%(refname)%00%(upstream:short)%00%(objectname)%00%(upstream:track)%00%(upstream:remotename)%00%(upstream:remoteref) refs/heads/main refs/remotes/main [1ms]
2025-02-19 10:11:00.923 [info] > git config --local branch.main.vscode-merge-base [2ms]
2025-02-19 10:11:00.923 [warning] [Git][config] git config failed: Failed to execute git
2025-02-19 10:11:00.979 [info] > git reflog main --grep-reflog=branch: Created from *. [51ms]
2025-02-19 10:11:01.004 [info] > git symbolic-ref --short refs/remotes/origin/HEAD [17ms]
2025-02-19 10:11:01.011 [info] > git for-each-ref --format=%(refname)%00%(upstream:short)%00%(objectname)%00%(upstream:track)%00%(upstream:remotename)%00%(upstream:remoteref) refs/heads/origin/main refs/remotes/origin/main [2ms]
2025-02-19 10:11:01.025 [info] > git config --local branch.main.vscode-merge-base origin/main [8ms]
2025-02-19 10:11:01.037 [info] > git config --get commit.template [7ms]
2025-02-19 10:11:01.045 [info] > git for-each-ref --format=%(refname)%00%(upstream:short)%00%(objectname)%00%(upstream:track)%00%(upstream:remotename)%00%(upstream:remoteref) refs/heads/main refs/remotes/main [8ms]
2025-02-19 10:11:01.049 [warning] [Git][revParse] Unable to read file: ENOENT: no such file or directory, open '/home/anhken/odoo-fitdnu/.git/refs/remotes/origin/main'
2025-02-19 10:11:01.051 [info] > git rev-parse refs/remotes/origin/main [2ms]
2025-02-19 10:11:01.095 [info] > git for-each-ref --sort -committerdate --format %(refname) %(objectname) %(*objectname) [4ms]
2025-02-19 10:11:01.258 [info] > git status -z -uall [189ms]
2025-02-19 10:11:01.269 [info] > git for-each-ref --format=%(refname)%00%(upstream:short)%00%(objectname)%00%(upstream:track)%00%(upstream:remotename)%00%(upstream:remoteref) refs/heads/main refs/remotes/main [7ms]
2025-02-19 10:11:01.280 [info] > git merge-base refs/heads/main refs/remotes/origin/main [12ms]
2025-02-19 10:11:01.286 [info] > git config --local branch.main.vscode-merge-base [7ms]
2025-02-19 10:11:01.292 [info] > git diff --name-status -z --diff-filter=ADMR db6370f21648b65e9b30a9b17f2768f884e067d1...refs/remotes/origin/main [7ms]
2025-02-19 10:11:01.295 [info] > git for-each-ref --format=%(refname)%00%(upstream:short)%00%(objectname)%00%(upstream:track)%00%(upstream:remotename)%00%(upstream:remoteref) refs/heads/origin/main refs/remotes/origin/main [4ms]
2025-02-19 10:11:03.720 [info] > git ls-files --stage -- /home/anhken/odoo-fitdnu/COPYRIGHT [31ms]
2025-02-19 10:11:03.739 [info] > git cat-file -s b0f9743d204484b1080d339ec55a638b1cde32dc [14ms]
2025-02-19 10:11:03.763 [info] > git show --textconv :COPYRIGHT [6ms]
2025-02-19 10:11:05.922 [info] > git config --get commit.template [12ms]
2025-02-19 10:11:05.923 [info] > git for-each-ref --format=%(refname)%00%(upstream:short)%00%(objectname)%00%(upstream:track)%00%(upstream:remotename)%00%(upstream:remoteref) refs/heads/main refs/remotes/main [2ms]
2025-02-19 10:11:05.928 [warning] [Git][revParse] Unable to read file: ENOENT: no such file or directory, open '/home/anhken/odoo-fitdnu/.git/refs/remotes/origin/main'
2025-02-19 10:11:05.930 [info] > git rev-parse refs/remotes/origin/main [1ms]
2025-02-19 10:11:05.945 [info] > git for-each-ref --sort -committerdate --format %(refname) %(objectname) %(*objectname) [3ms]
2025-02-19 10:11:06.072 [info] > git status -z -uall [136ms]
2025-02-19 10:11:12.803 [info] > git config --get commit.template [7ms]
2025-02-19 10:11:12.806 [info] > git for-each-ref --format=%(refname)%00%(upstream:short)%00%(objectname)%00%(upstream:track)%00%(upstream:remotename)%00%(upstream:remoteref) refs/heads/cntt15_03 refs/remotes/cntt15_03 [2ms]
2025-02-19 10:11:12.810 [warning] [Git][revParse] Unable to read file: ENOENT: no such file or directory, open '/home/anhken/odoo-fitdnu/.git/refs/remotes/origin/cntt15_03'
2025-02-19 10:11:12.813 [info] > git rev-parse refs/remotes/origin/cntt15_03 [3ms]
2025-02-19 10:11:12.828 [info] > git for-each-ref --sort -committerdate --format %(refname) %(objectname) %(*objectname) [4ms]
2025-02-19 10:11:12.971 [info] > git status -z -uall [155ms]
2025-02-19 10:11:12.984 [info] > git for-each-ref --format=%(refname)%00%(upstream:short)%00%(objectname)%00%(upstream:track)%00%(upstream:remotename)%00%(upstream:remoteref) refs/heads/cntt15_03 refs/remotes/cntt15_03 [3ms]
2025-02-19 10:11:12.997 [info] > git config --local branch.cntt15_03.vscode-merge-base [1ms]
2025-02-19 10:11:12.998 [warning] [Git][config] git config failed: Failed to execute git
2025-02-19 10:11:13.007 [info] > git reflog cntt15_03 --grep-reflog=branch: Created from *. [1ms]
2025-02-19 10:11:13.019 [info] > git for-each-ref --format=%(refname)%00%(upstream:short)%00%(objectname)%00%(upstream:track)%00%(upstream:remotename)%00%(upstream:remoteref) refs/remotes/origin/cntt15_03 [2ms]
2025-02-19 10:11:13.026 [info] > git config --local branch.cntt15_03.vscode-merge-base origin/cntt15_03 [2ms]
2025-02-19 10:11:13.037 [info] > git config --get commit.template [4ms]
2025-02-19 10:11:13.038 [info] > git for-each-ref --format=%(refname)%00%(upstream:short)%00%(objectname)%00%(upstream:track)%00%(upstream:remotename)%00%(upstream:remoteref) refs/heads/cntt15_03 refs/remotes/cntt15_03 [1ms]
2025-02-19 10:11:13.042 [warning] [Git][revParse] Unable to read file: ENOENT: no such file or directory, open '/home/anhken/odoo-fitdnu/.git/refs/remotes/origin/cntt15_03'
2025-02-19 10:11:13.044 [info] > git rev-parse refs/remotes/origin/cntt15_03 [2ms]
2025-02-19 10:11:13.059 [info] > git for-each-ref --sort -committerdate --format %(refname) %(objectname) %(*objectname) [3ms]
2025-02-19 10:11:13.227 [info] > git status -z -uall [176ms]
2025-02-19 10:11:13.240 [info] > git for-each-ref --format=%(refname)%00%(upstream:short)%00%(objectname)%00%(upstream:track)%00%(upstream:remotename)%00%(upstream:remoteref) refs/heads/cntt15_03 refs/remotes/cntt15_03 [8ms]
2025-02-19 10:11:13.248 [info] > git merge-base refs/heads/cntt15_03 refs/remotes/origin/cntt15_03 [10ms]
2025-02-19 10:11:13.259 [info] > git config --local branch.cntt15_03.vscode-merge-base [12ms]
2025-02-19 10:11:13.264 [info] > git diff --name-status -z --diff-filter=ADMR 39a5fa15487188a9446f55bd93d0b4289cd2f1d4...refs/remotes/origin/cntt15_03 [7ms]
2025-02-19 10:11:13.265 [info] > git for-each-ref --format=%(refname)%00%(upstream:short)%00%(objectname)%00%(upstream:track)%00%(upstream:remotename)%00%(upstream:remoteref) refs/heads/origin/cntt15_03 refs/remotes/origin/cntt15_03 [2ms]
2025-02-19 10:11:14.338 [info] > git ls-files --stage -- /home/anhken/odoo-fitdnu/COPYRIGHT [9ms]
2025-02-19 10:11:14.345 [info] > git cat-file -s b0f9743d204484b1080d339ec55a638b1cde32dc [1ms]
2025-02-19 10:11:14.361 [info] > git show --textconv :COPYRIGHT [8ms]
2025-02-19 10:11:44.300 [info] > git config --get commit.template [5ms]
2025-02-19 10:11:44.301 [info] > git for-each-ref --format=%(refname)%00%(upstream:short)%00%(objectname)%00%(upstream:track)%00%(upstream:remotename)%00%(upstream:remoteref) refs/heads/cntt15_03 refs/remotes/cntt15_03 [2ms]
2025-02-19 10:11:44.308 [warning] [Git][revParse] Unable to read file: ENOENT: no such file or directory, open '/home/anhken/odoo-fitdnu/.git/refs/remotes/origin/cntt15_03'
2025-02-19 10:11:44.309 [info] > git rev-parse refs/remotes/origin/cntt15_03 [1ms]
2025-02-19 10:11:44.323 [info] > git for-each-ref --sort -committerdate --format %(refname) %(objectname) %(*objectname) [5ms]
2025-02-19 10:11:44.429 [info] > git status -z -uall [116ms]
2025-02-19 10:11:49.442 [info] > git config --get commit.template [5ms]
2025-02-19 10:11:49.443 [info] > git for-each-ref --format=%(refname)%00%(upstream:short)%00%(objectname)%00%(upstream:track)%00%(upstream:remotename)%00%(upstream:remoteref) refs/heads/cntt15_03 refs/remotes/cntt15_03 [2ms]
2025-02-19 10:11:49.448 [warning] [Git][revParse] Unable to read file: ENOENT: no such file or directory, open '/home/anhken/odoo-fitdnu/.git/refs/remotes/origin/cntt15_03'
2025-02-19 10:11:49.450 [info] > git rev-parse refs/remotes/origin/cntt15_03 [2ms]
2025-02-19 10:11:49.495 [info] > git for-each-ref --sort -committerdate --format %(refname) %(objectname) %(*objectname) [27ms]
2025-02-19 10:11:49.664 [info] > git status -z -uall [208ms]
2025-02-19 10:12:45.874 [info] > git config --get commit.template [10ms]
2025-02-19 10:12:45.877 [info] > git for-each-ref --format=%(refname)%00%(upstream:short)%00%(objectname)%00%(upstream:track)%00%(upstream:remotename)%00%(upstream:remoteref) refs/heads/cntt15_03 refs/remotes/cntt15_03 [4ms]
2025-02-19 10:12:45.881 [warning] [Git][revParse] Unable to read file: ENOENT: no such file or directory, open '/home/anhken/odoo-fitdnu/.git/refs/remotes/origin/cntt15_03'
2025-02-19 10:12:45.887 [info] > git rev-parse refs/remotes/origin/cntt15_03 [6ms]
2025-02-19 10:12:45.920 [info] > git for-each-ref --sort -committerdate --format %(refname) %(objectname) %(*objectname) [9ms]
2025-02-19 10:12:46.059 [info] > git status -z -uall [167ms]
2025-02-19 10:12:57.915 [info] > git for-each-ref --format=%(refname)%00%(upstream:short)%00%(objectname)%00%(upstream:track)%00%(upstream:remotename)%00%(upstream:remoteref) refs/heads/cntt15_03 refs/remotes/cntt15_03 [6ms]
2025-02-19 10:12:57.915 [info] > git config --get commit.template [25ms]
2025-02-19 10:12:57.927 [warning] [Git][revParse] Unable to read file: ENOENT: no such file or directory, open '/home/anhken/odoo-fitdnu/.git/refs/remotes/origin/cntt15_03'
2025-02-19 10:12:57.928 [info] > git rev-parse refs/remotes/origin/cntt15_03 [1ms]
2025-02-19 10:12:57.951 [info] > git for-each-ref --sort -committerdate --format %(refname) %(objectname) %(*objectname) [1ms]
2025-02-19 10:12:58.196 [info] > git status -z -uall [259ms]
2025-02-19 10:13:03.208 [info] > git config --get commit.template [5ms]
2025-02-19 10:13:03.209 [info] > git for-each-ref --format=%(refname)%00%(upstream:short)%00%(objectname)%00%(upstream:track)%00%(upstream:remotename)%00%(upstream:remoteref) refs/heads/cntt15_03 refs/remotes/cntt15_03 [1ms]
2025-02-19 10:13:03.218 [warning] [Git][revParse] Unable to read file: ENOENT: no such file or directory, open '/home/anhken/odoo-fitdnu/.git/refs/remotes/origin/cntt15_03'
2025-02-19 10:13:03.219 [info] > git rev-parse refs/remotes/origin/cntt15_03 [2ms]
2025-02-19 10:13:03.231 [info] > git for-each-ref --sort -committerdate --format %(refname) %(objectname) %(*objectname) [3ms]
2025-02-19 10:13:03.351 [info] > git status -z -uall [128ms]
2025-02-19 10:13:12.947 [info] > git for-each-ref --format=%(refname)%00%(upstream:short)%00%(objectname)%00%(upstream:track)%00%(upstream:remotename)%00%(upstream:remoteref) refs/heads/cntt15_03 refs/remotes/cntt15_03 [3ms]
2025-02-19 10:13:12.953 [warning] [Git][revParse] Unable to read file: ENOENT: no such file or directory, open '/home/anhken/odoo-fitdnu/.git/refs/remotes/origin/cntt15_03'
2025-02-19 10:13:12.954 [info] > git config --get commit.template [21ms]
2025-02-19 10:13:12.958 [info] > git rev-parse refs/remotes/origin/cntt15_03 [3ms]
2025-02-19 10:13:12.988 [info] > git for-each-ref --sort -committerdate --format %(refname) %(objectname) %(*objectname) [11ms]
2025-02-19 10:13:13.126 [info] > git status -z -uall [161ms]
2025-02-19 10:15:42.845 [info] > git config --get commit.template [6ms]
2025-02-19 10:15:42.846 [info] > git for-each-ref --format=%(refname)%00%(upstream:short)%00%(objectname)%00%(upstream:track)%00%(upstream:remotename)%00%(upstream:remoteref) refs/heads/cntt15_03 refs/remotes/cntt15_03 [1ms]
2025-02-19 10:15:42.849 [warning] [Git][revParse] Unable to read file: ENOENT: no such file or directory, open '/home/anhken/odoo-fitdnu/.git/refs/remotes/origin/cntt15_03'
2025-02-19 10:15:42.851 [info] > git rev-parse refs/remotes/origin/cntt15_03 [1ms]
2025-02-19 10:15:42.870 [info] > git for-each-ref --sort -committerdate --format %(refname) %(objectname) %(*objectname) [12ms]
2025-02-19 10:15:42.990 [info] > git status -z -uall [136ms]
2025-02-19 10:16:52.103 [info] > git check-ignore -v -z --stdin [37ms]
2025-02-19 10:17:03.541 [info] > git show --textconv :odoo.conf [13ms]
2025-02-19 10:17:03.544 [info] > git ls-files --stage -- /home/anhken/odoo-fitdnu/odoo.conf [10ms]
2025-02-19 10:17:04.485 [info] > git config --get commit.template [6ms]
2025-02-19 10:17:04.486 [info] > git for-each-ref --format=%(refname)%00%(upstream:short)%00%(objectname)%00%(upstream:track)%00%(upstream:remotename)%00%(upstream:remoteref) refs/heads/cntt15_03 refs/remotes/cntt15_03 [2ms]
2025-02-19 10:17:04.491 [warning] [Git][revParse] Unable to read file: ENOENT: no such file or directory, open '/home/anhken/odoo-fitdnu/.git/refs/remotes/origin/cntt15_03'
2025-02-19 10:17:04.493 [info] > git rev-parse refs/remotes/origin/cntt15_03 [2ms]
2025-02-19 10:17:04.507 [info] > git for-each-ref --sort -committerdate --format %(refname) %(objectname) %(*objectname) [2ms]
2025-02-19 10:17:04.630 [info] > git status -z -uall [133ms]
2025-02-19 10:17:32.219 [info] > git blame --root --incremental 39a5fa15487188a9446f55bd93d0b4289cd2f1d4 -- /home/anhken/odoo-fitdnu/odoo.conf [5ms]
2025-02-19 10:17:32.219 [info] fatal: no such path odoo.conf in 39a5fa15487188a9446f55bd93d0b4289cd2f1d4
2025-02-19 10:17:35.825 [info] > git config --get commit.template [12ms]
2025-02-19 10:17:35.828 [info] > git for-each-ref --format=%(refname)%00%(upstream:short)%00%(objectname)%00%(upstream:track)%00%(upstream:remotename)%00%(upstream:remoteref) refs/heads/cntt15_03 refs/remotes/cntt15_03 [4ms]
2025-02-19 10:17:35.833 [warning] [Git][revParse] Unable to read file: ENOENT: no such file or directory, open '/home/anhken/odoo-fitdnu/.git/refs/remotes/origin/cntt15_03'
2025-02-19 10:17:35.835 [info] > git rev-parse refs/remotes/origin/cntt15_03 [2ms]
2025-02-19 10:17:35.849 [info] > git for-each-ref --sort -committerdate --format %(refname) %(objectname) %(*objectname) [2ms]
2025-02-19 10:17:35.968 [info] > git status -z -uall [129ms]
2025-02-19 10:17:51.417 [info] > git config --get commit.template [11ms]
2025-02-19 10:17:51.422 [info] > git for-each-ref --format=%(refname)%00%(upstream:short)%00%(objectname)%00%(upstream:track)%00%(upstream:remotename)%00%(upstream:remoteref) refs/heads/cntt15_03 refs/remotes/cntt15_03 [8ms]
2025-02-19 10:17:51.427 [warning] [Git][revParse] Unable to read file: ENOENT: no such file or directory, open '/home/anhken/odoo-fitdnu/.git/refs/remotes/origin/cntt15_03'
2025-02-19 10:17:51.430 [info] > git rev-parse refs/remotes/origin/cntt15_03 [3ms]
2025-02-19 10:17:51.443 [info] > git for-each-ref --sort -committerdate --format %(refname) %(objectname) %(*objectname) [3ms]
2025-02-19 10:17:51.557 [info] > git status -z -uall [122ms]
