2025-02-19 10:35:13.748 [info] Extension host with pid 661 started
2025-02-19 10:35:13.771 [info] Lock '/home/anhken/.vscode-server/data/User/workspaceStorage/f06f23f25d99f6a44eebb22638ef81e3/vscode.lock': Lock acquired.
2025-02-19 10:35:14.714 [info] ExtensionService#_doActivateExtension vscode.emmet, startup: false, activationEvent: 'onLanguage'
2025-02-19 10:35:14.726 [info] ExtensionService#_doActivateExtension vscode.tunnel-forwarding, startup: false, activationEvent: 'onTunnel'
2025-02-19 10:35:14.727 [info] ExtensionService#_doActivateExtension ms-python.python, startup: false, activationEvent: 'onLanguage:python'
2025-02-19 10:35:15.730 [info] ExtensionService#_doActivateExtension vscode.git-base, startup: true, activationEvent: '*', root cause: vscode.git
2025-02-19 10:35:16.170 [info] ExtensionService#_doActivateExtension vscode.git, startup: true, activationEvent: '*'
2025-02-19 10:35:16.170 [info] ExtensionService#_doActivateExtension vscode.github, startup: true, activationEvent: '*'
2025-02-19 10:35:16.430 [info] ExtensionService#_doActivateExtension vscode.extension-editing, startup: false, activationEvent: 'onLanguage:markdown'
2025-02-19 10:35:16.431 [info] ExtensionService#_doActivateExtension vscode.markdown-language-features, startup: false, activationEvent: 'onLanguage:markdown'
2025-02-19 10:35:17.309 [info] Eager extensions activated
2025-02-19 10:35:17.310 [info] ExtensionService#_doActivateExtension vscode.debug-auto-launch, startup: false, activationEvent: 'onStartupFinished'
2025-02-19 10:35:17.310 [info] ExtensionService#_doActivateExtension vscode.merge-conflict, startup: false, activationEvent: 'onStartupFinished'
2025-02-19 10:35:18.848 [error] Error: Launching Jedi language server using python failed, see output.
	at l.start (/home/anhken/.vscode-server/extensions/ms-python.python-2025.0.0/out/client/extension.js:2:22183)
	at process.processTicksAndRejections (node:internal/process/task_queues:95:5)
2025-02-19 10:36:49.234 [info] ExtensionService#_doActivateExtension vscode.npm, startup: false, activationEvent: 'onTerminalQuickFixRequest:ms-vscode.npm-command'
2025-02-19 10:36:53.689 [info] ExtensionService#_doActivateExtension vscode.configuration-editing, startup: false, activationEvent: 'onLanguage:json'
2025-02-19 10:36:53.689 [info] ExtensionService#_doActivateExtension vscode.json-language-features, startup: false, activationEvent: 'onLanguage:json'
2025-02-19 10:43:15.839 [info] ExtensionService#_doActivateExtension vscode.markdown-math, startup: false, activationEvent: 'api', root cause: vscode.markdown-language-features
2025-02-19 12:34:07.219 [info] Extension host terminating: received terminate message from renderer
2025-02-19 12:34:07.222 [info] Lock '/home/anhken/.vscode-server/data/User/workspaceStorage/f06f23f25d99f6a44eebb22638ef81e3/vscode.lock': Marking the lockfile as scheduled to be released in 6000 ms.
2025-02-19 12:34:07.301 [error] Canceled: Canceled
	at new XT (file:///home/anhken/.vscode-server/bin/e54c774e0add60467559eb0d1e229c6452cf8447/out/vs/workbench/api/node/extensionHostProcess.js:29:153701)
	at Uy.U (file:///home/anhken/.vscode-server/bin/e54c774e0add60467559eb0d1e229c6452cf8447/out/vs/workbench/api/node/extensionHostProcess.js:29:158311)
	at s.<computed>.n.charCodeAt.s.<computed> (file:///home/anhken/.vscode-server/bin/e54c774e0add60467559eb0d1e229c6452cf8447/out/vs/workbench/api/node/extensionHostProcess.js:29:155805)
	at mw.g (file:///home/anhken/.vscode-server/bin/e54c774e0add60467559eb0d1e229c6452cf8447/out/vs/workbench/api/node/extensionHostProcess.js:112:32221)
	at mw.executeCommand (file:///home/anhken/.vscode-server/bin/e54c774e0add60467559eb0d1e229c6452cf8447/out/vs/workbench/api/node/extensionHostProcess.js:112:31725)
	at r.registerCommand.description (file:///home/anhken/.vscode-server/bin/e54c774e0add60467559eb0d1e229c6452cf8447/out/vs/workbench/api/node/extensionHostProcess.js:112:31055)
	at mw.h (file:///home/anhken/.vscode-server/bin/e54c774e0add60467559eb0d1e229c6452cf8447/out/vs/workbench/api/node/extensionHostProcess.js:112:32741)
	at mw.g (file:///home/anhken/.vscode-server/bin/e54c774e0add60467559eb0d1e229c6452cf8447/out/vs/workbench/api/node/extensionHostProcess.js:112:31818)
	at mw.executeCommand (file:///home/anhken/.vscode-server/bin/e54c774e0add60467559eb0d1e229c6452cf8447/out/vs/workbench/api/node/extensionHostProcess.js:112:31725)
	at Object.executeCommand (file:///home/anhken/.vscode-server/bin/e54c774e0add60467559eb0d1e229c6452cf8447/out/vs/workbench/api/node/extensionHostProcess.js:172:37254)
	at Ah.L [as value] (/home/anhken/.vscode-server/bin/e54c774e0add60467559eb0d1e229c6452cf8447/extensions/git/dist/main.js:2:997602)
	at D.B (file:///home/anhken/.vscode-server/bin/e54c774e0add60467559eb0d1e229c6452cf8447/out/vs/workbench/api/node/extensionHostProcess.js:27:2373)
	at D.C (file:///home/anhken/.vscode-server/bin/e54c774e0add60467559eb0d1e229c6452cf8447/out/vs/workbench/api/node/extensionHostProcess.js:27:2443)
	at D.fire (file:///home/anhken/.vscode-server/bin/e54c774e0add60467559eb0d1e229c6452cf8447/out/vs/workbench/api/node/extensionHostProcess.js:27:2660)
	at Object.p [as dispose] (/home/anhken/.vscode-server/bin/e54c774e0add60467559eb0d1e229c6452cf8447/extensions/git/dist/main.js:2:1020242)
	at /home/anhken/.vscode-server/bin/e54c774e0add60467559eb0d1e229c6452cf8447/extensions/git/dist/main.js:2:1026621
	at Array.forEach (<anonymous>)
	at b.dispose (/home/anhken/.vscode-server/bin/e54c774e0add60467559eb0d1e229c6452cf8447/extensions/git/dist/main.js:2:1026607)
	at cv.<anonymous> (file:///home/anhken/.vscode-server/bin/e54c774e0add60467559eb0d1e229c6452cf8447/out/vs/workbench/api/node/extensionHostProcess.js:106:20084)
	at cv.dispose (file:///home/anhken/.vscode-server/bin/e54c774e0add60467559eb0d1e229c6452cf8447/out/vs/workbench/api/node/extensionHostProcess.js:106:20180)
	at cv.<anonymous> (/home/anhken/.vscode-server/bin/e54c774e0add60467559eb0d1e229c6452cf8447/extensions/git/dist/main.js:2:1000086)
	at cv.dispose (file:///home/anhken/.vscode-server/bin/e54c774e0add60467559eb0d1e229c6452cf8447/out/vs/workbench/api/node/extensionHostProcess.js:106:20180)
	at ui (file:///home/anhken/.vscode-server/bin/e54c774e0add60467559eb0d1e229c6452cf8447/out/vs/workbench/api/node/extensionHostProcess.js:25:699)
	at file:///home/anhken/.vscode-server/bin/e54c774e0add60467559eb0d1e229c6452cf8447/out/vs/workbench/api/node/extensionHostProcess.js:116:14992
	at file:///home/anhken/.vscode-server/bin/e54c774e0add60467559eb0d1e229c6452cf8447/out/vs/workbench/api/node/extensionHostProcess.js:25:1009
	at Object.dispose (file:///home/anhken/.vscode-server/bin/e54c774e0add60467559eb0d1e229c6452cf8447/out/vs/workbench/api/node/extensionHostProcess.js:8:705)
	at PW.eb (file:///home/anhken/.vscode-server/bin/e54c774e0add60467559eb0d1e229c6452cf8447/out/vs/workbench/api/node/extensionHostProcess.js:116:11919)
	at file:///home/anhken/.vscode-server/bin/e54c774e0add60467559eb0d1e229c6452cf8447/out/vs/workbench/api/node/extensionHostProcess.js:116:9874
	at Array.map (<anonymous>)
	at PW.$ (file:///home/anhken/.vscode-server/bin/e54c774e0add60467559eb0d1e229c6452cf8447/out/vs/workbench/api/node/extensionHostProcess.js:116:9862)
	at PW.terminate (file:///home/anhken/.vscode-server/bin/e54c774e0add60467559eb0d1e229c6452cf8447/out/vs/workbench/api/node/extensionHostProcess.js:116:10105)
	at wC.terminate (file:///home/anhken/.vscode-server/bin/e54c774e0add60467559eb0d1e229c6452cf8447/out/vs/workbench/api/node/extensionHostProcess.js:117:1434)
	at ts (file:///home/anhken/.vscode-server/bin/e54c774e0add60467559eb0d1e229c6452cf8447/out/vs/workbench/api/node/extensionHostProcess.js:190:15080)
	at Ah.value (file:///home/anhken/.vscode-server/bin/e54c774e0add60467559eb0d1e229c6452cf8447/out/vs/workbench/api/node/extensionHostProcess.js:190:13241)
	at D.B (file:///home/anhken/.vscode-server/bin/e54c774e0add60467559eb0d1e229c6452cf8447/out/vs/workbench/api/node/extensionHostProcess.js:27:2373)
	at D.fire (file:///home/anhken/.vscode-server/bin/e54c774e0add60467559eb0d1e229c6452cf8447/out/vs/workbench/api/node/extensionHostProcess.js:27:2591)
	at Xn.fire (file:///home/anhken/.vscode-server/bin/e54c774e0add60467559eb0d1e229c6452cf8447/out/vs/workbench/api/node/extensionHostProcess.js:29:9458)
	at Gm.A (file:///home/anhken/.vscode-server/bin/e54c774e0add60467559eb0d1e229c6452cf8447/out/vs/workbench/api/node/extensionHostProcess.js:29:12574)
	at Ah.value (file:///home/anhken/.vscode-server/bin/e54c774e0add60467559eb0d1e229c6452cf8447/out/vs/workbench/api/node/extensionHostProcess.js:29:11975)
	at D.B (file:///home/anhken/.vscode-server/bin/e54c774e0add60467559eb0d1e229c6452cf8447/out/vs/workbench/api/node/extensionHostProcess.js:27:2373)
	at D.fire (file:///home/anhken/.vscode-server/bin/e54c774e0add60467559eb0d1e229c6452cf8447/out/vs/workbench/api/node/extensionHostProcess.js:27:2591)
	at m6.acceptChunk (file:///home/anhken/.vscode-server/bin/e54c774e0add60467559eb0d1e229c6452cf8447/out/vs/workbench/api/node/extensionHostProcess.js:29:7941)
	at Ah.value (file:///home/anhken/.vscode-server/bin/e54c774e0add60467559eb0d1e229c6452cf8447/out/vs/workbench/api/node/extensionHostProcess.js:29:7227)
	at D.B (file:///home/anhken/.vscode-server/bin/e54c774e0add60467559eb0d1e229c6452cf8447/out/vs/workbench/api/node/extensionHostProcess.js:27:2373)
	at D.fire (file:///home/anhken/.vscode-server/bin/e54c774e0add60467559eb0d1e229c6452cf8447/out/vs/workbench/api/node/extensionHostProcess.js:27:2591)
	at BA.z (file:///home/anhken/.vscode-server/bin/e54c774e0add60467559eb0d1e229c6452cf8447/out/vs/workbench/api/node/extensionHostProcess.js:29:21254)
	at BA.acceptFrame (file:///home/anhken/.vscode-server/bin/e54c774e0add60467559eb0d1e229c6452cf8447/out/vs/workbench/api/node/extensionHostProcess.js:29:21060)
	at jA.n (file:///home/anhken/.vscode-server/bin/e54c774e0add60467559eb0d1e229c6452cf8447/out/vs/workbench/api/node/extensionHostProcess.js:29:19588)
	at file:///home/anhken/.vscode-server/bin/e54c774e0add60467559eb0d1e229c6452cf8447/out/vs/workbench/api/node/extensionHostProcess.js:29:16820
	at Socket.t (file:///home/anhken/.vscode-server/bin/e54c774e0add60467559eb0d1e229c6452cf8447/out/vs/workbench/api/node/extensionHostProcess.js:29:14761)
	at Socket.emit (node:events:518:28)
	at addChunk (node:internal/streams/readable:561:12)
	at readableAddChunkPushByteMode (node:internal/streams/readable:512:3)
	at Readable.push (node:internal/streams/readable:392:5)
	at TCP.onStreamRead (node:internal/stream_base_commons:191:23) setContext undefined
2025-02-19 12:34:07.302 [error] Canceled: Canceled
	at new XT (file:///home/anhken/.vscode-server/bin/e54c774e0add60467559eb0d1e229c6452cf8447/out/vs/workbench/api/node/extensionHostProcess.js:29:153701)
	at Uy.U (file:///home/anhken/.vscode-server/bin/e54c774e0add60467559eb0d1e229c6452cf8447/out/vs/workbench/api/node/extensionHostProcess.js:29:158311)
	at s.<computed>.n.charCodeAt.s.<computed> (file:///home/anhken/.vscode-server/bin/e54c774e0add60467559eb0d1e229c6452cf8447/out/vs/workbench/api/node/extensionHostProcess.js:29:155805)
	at mw.g (file:///home/anhken/.vscode-server/bin/e54c774e0add60467559eb0d1e229c6452cf8447/out/vs/workbench/api/node/extensionHostProcess.js:112:32221)
	at mw.executeCommand (file:///home/anhken/.vscode-server/bin/e54c774e0add60467559eb0d1e229c6452cf8447/out/vs/workbench/api/node/extensionHostProcess.js:112:31725)
	at r.registerCommand.description (file:///home/anhken/.vscode-server/bin/e54c774e0add60467559eb0d1e229c6452cf8447/out/vs/workbench/api/node/extensionHostProcess.js:112:31055)
	at mw.h (file:///home/anhken/.vscode-server/bin/e54c774e0add60467559eb0d1e229c6452cf8447/out/vs/workbench/api/node/extensionHostProcess.js:112:32741)
	at mw.g (file:///home/anhken/.vscode-server/bin/e54c774e0add60467559eb0d1e229c6452cf8447/out/vs/workbench/api/node/extensionHostProcess.js:112:31818)
	at mw.executeCommand (file:///home/anhken/.vscode-server/bin/e54c774e0add60467559eb0d1e229c6452cf8447/out/vs/workbench/api/node/extensionHostProcess.js:112:31725)
	at Object.executeCommand (file:///home/anhken/.vscode-server/bin/e54c774e0add60467559eb0d1e229c6452cf8447/out/vs/workbench/api/node/extensionHostProcess.js:172:37254)
	at set hasGitHubRepositories [as hasGitHubRepositories] (/home/anhken/.vscode-server/bin/e54c774e0add60467559eb0d1e229c6452cf8447/extensions/github/dist/extension.js:2:344164)
	at /home/anhken/.vscode-server/bin/e54c774e0add60467559eb0d1e229c6452cf8447/extensions/github/dist/extension.js:2:345123
	at Ah.value (/home/anhken/.vscode-server/bin/e54c774e0add60467559eb0d1e229c6452cf8447/extensions/git/dist/main.js:2:1117802)
	at D.B (file:///home/anhken/.vscode-server/bin/e54c774e0add60467559eb0d1e229c6452cf8447/out/vs/workbench/api/node/extensionHostProcess.js:27:2373)
	at D.C (file:///home/anhken/.vscode-server/bin/e54c774e0add60467559eb0d1e229c6452cf8447/out/vs/workbench/api/node/extensionHostProcess.js:27:2443)
	at D.fire (file:///home/anhken/.vscode-server/bin/e54c774e0add60467559eb0d1e229c6452cf8447/out/vs/workbench/api/node/extensionHostProcess.js:27:2660)
	at Object.p [as dispose] (/home/anhken/.vscode-server/bin/e54c774e0add60467559eb0d1e229c6452cf8447/extensions/git/dist/main.js:2:1020242)
	at /home/anhken/.vscode-server/bin/e54c774e0add60467559eb0d1e229c6452cf8447/extensions/git/dist/main.js:2:1026621
	at Array.forEach (<anonymous>)
	at b.dispose (/home/anhken/.vscode-server/bin/e54c774e0add60467559eb0d1e229c6452cf8447/extensions/git/dist/main.js:2:1026607)
	at cv.<anonymous> (file:///home/anhken/.vscode-server/bin/e54c774e0add60467559eb0d1e229c6452cf8447/out/vs/workbench/api/node/extensionHostProcess.js:106:20084)
	at cv.dispose (file:///home/anhken/.vscode-server/bin/e54c774e0add60467559eb0d1e229c6452cf8447/out/vs/workbench/api/node/extensionHostProcess.js:106:20180)
	at cv.<anonymous> (/home/anhken/.vscode-server/bin/e54c774e0add60467559eb0d1e229c6452cf8447/extensions/git/dist/main.js:2:1000086)
	at cv.dispose (file:///home/anhken/.vscode-server/bin/e54c774e0add60467559eb0d1e229c6452cf8447/out/vs/workbench/api/node/extensionHostProcess.js:106:20180)
	at ui (file:///home/anhken/.vscode-server/bin/e54c774e0add60467559eb0d1e229c6452cf8447/out/vs/workbench/api/node/extensionHostProcess.js:25:699)
	at file:///home/anhken/.vscode-server/bin/e54c774e0add60467559eb0d1e229c6452cf8447/out/vs/workbench/api/node/extensionHostProcess.js:116:14992
	at file:///home/anhken/.vscode-server/bin/e54c774e0add60467559eb0d1e229c6452cf8447/out/vs/workbench/api/node/extensionHostProcess.js:25:1009
	at Object.dispose (file:///home/anhken/.vscode-server/bin/e54c774e0add60467559eb0d1e229c6452cf8447/out/vs/workbench/api/node/extensionHostProcess.js:8:705)
	at PW.eb (file:///home/anhken/.vscode-server/bin/e54c774e0add60467559eb0d1e229c6452cf8447/out/vs/workbench/api/node/extensionHostProcess.js:116:11919)
	at file:///home/anhken/.vscode-server/bin/e54c774e0add60467559eb0d1e229c6452cf8447/out/vs/workbench/api/node/extensionHostProcess.js:116:9874
	at Array.map (<anonymous>)
	at PW.$ (file:///home/anhken/.vscode-server/bin/e54c774e0add60467559eb0d1e229c6452cf8447/out/vs/workbench/api/node/extensionHostProcess.js:116:9862)
	at PW.terminate (file:///home/anhken/.vscode-server/bin/e54c774e0add60467559eb0d1e229c6452cf8447/out/vs/workbench/api/node/extensionHostProcess.js:116:10105)
	at wC.terminate (file:///home/anhken/.vscode-server/bin/e54c774e0add60467559eb0d1e229c6452cf8447/out/vs/workbench/api/node/extensionHostProcess.js:117:1434)
	at ts (file:///home/anhken/.vscode-server/bin/e54c774e0add60467559eb0d1e229c6452cf8447/out/vs/workbench/api/node/extensionHostProcess.js:190:15080)
	at Ah.value (file:///home/anhken/.vscode-server/bin/e54c774e0add60467559eb0d1e229c6452cf8447/out/vs/workbench/api/node/extensionHostProcess.js:190:13241)
	at D.B (file:///home/anhken/.vscode-server/bin/e54c774e0add60467559eb0d1e229c6452cf8447/out/vs/workbench/api/node/extensionHostProcess.js:27:2373)
	at D.fire (file:///home/anhken/.vscode-server/bin/e54c774e0add60467559eb0d1e229c6452cf8447/out/vs/workbench/api/node/extensionHostProcess.js:27:2591)
	at Xn.fire (file:///home/anhken/.vscode-server/bin/e54c774e0add60467559eb0d1e229c6452cf8447/out/vs/workbench/api/node/extensionHostProcess.js:29:9458)
	at Gm.A (file:///home/anhken/.vscode-server/bin/e54c774e0add60467559eb0d1e229c6452cf8447/out/vs/workbench/api/node/extensionHostProcess.js:29:12574)
	at Ah.value (file:///home/anhken/.vscode-server/bin/e54c774e0add60467559eb0d1e229c6452cf8447/out/vs/workbench/api/node/extensionHostProcess.js:29:11975)
	at D.B (file:///home/anhken/.vscode-server/bin/e54c774e0add60467559eb0d1e229c6452cf8447/out/vs/workbench/api/node/extensionHostProcess.js:27:2373)
	at D.fire (file:///home/anhken/.vscode-server/bin/e54c774e0add60467559eb0d1e229c6452cf8447/out/vs/workbench/api/node/extensionHostProcess.js:27:2591)
	at m6.acceptChunk (file:///home/anhken/.vscode-server/bin/e54c774e0add60467559eb0d1e229c6452cf8447/out/vs/workbench/api/node/extensionHostProcess.js:29:7941)
	at Ah.value (file:///home/anhken/.vscode-server/bin/e54c774e0add60467559eb0d1e229c6452cf8447/out/vs/workbench/api/node/extensionHostProcess.js:29:7227)
	at D.B (file:///home/anhken/.vscode-server/bin/e54c774e0add60467559eb0d1e229c6452cf8447/out/vs/workbench/api/node/extensionHostProcess.js:27:2373)
	at D.fire (file:///home/anhken/.vscode-server/bin/e54c774e0add60467559eb0d1e229c6452cf8447/out/vs/workbench/api/node/extensionHostProcess.js:27:2591)
	at BA.z (file:///home/anhken/.vscode-server/bin/e54c774e0add60467559eb0d1e229c6452cf8447/out/vs/workbench/api/node/extensionHostProcess.js:29:21254)
	at BA.acceptFrame (file:///home/anhken/.vscode-server/bin/e54c774e0add60467559eb0d1e229c6452cf8447/out/vs/workbench/api/node/extensionHostProcess.js:29:21060)
	at jA.n (file:///home/anhken/.vscode-server/bin/e54c774e0add60467559eb0d1e229c6452cf8447/out/vs/workbench/api/node/extensionHostProcess.js:29:19588)
	at file:///home/anhken/.vscode-server/bin/e54c774e0add60467559eb0d1e229c6452cf8447/out/vs/workbench/api/node/extensionHostProcess.js:29:16820
	at Socket.t (file:///home/anhken/.vscode-server/bin/e54c774e0add60467559eb0d1e229c6452cf8447/out/vs/workbench/api/node/extensionHostProcess.js:29:14761)
	at Socket.emit (node:events:518:28)
	at addChunk (node:internal/streams/readable:561:12)
	at readableAddChunkPushByteMode (node:internal/streams/readable:512:3)
	at Readable.push (node:internal/streams/readable:392:5)
	at TCP.onStreamRead (node:internal/stream_base_commons:191:23) setContext undefined
2025-02-19 12:34:07.308 [info] Extension host with pid 661 exiting with code 0
